#
# There is insufficient memory for the Java Runtime Environment to continue.
# Native memory allocation (malloc) failed to allocate 1159376 bytes for Chunk::new
# Possible reasons:
#   The system is out of physical RAM or swap space
#   The process is running with CompressedOops enabled, and the Java Heap may be blocking the growth of the native heap
# Possible solutions:
#   Reduce memory load on the system
#   Increase physical memory or swap space
#   Check if swap backing store is full
#   Decrease Java heap size (-Xmx/-Xms)
#   Decrease number of Java threads
#   Decrease Java thread stack sizes (-Xss)
#   Set larger code cache with -XX:ReservedCodeCacheSize=
#   JVM is running with Unscaled Compressed Oops mode in which the Java heap is
#     placed in the first 4GB address space. The Java Heap base address is the
#     maximum limit for the native heap growth. Please use -XX:HeapBaseMinAddress
#     to set the Java Heap base and to place the Java Heap above 4GB virtual address.
# This output file may be truncated or incomplete.
#
#  Out of Memory Error (./src/hotspot/share/memory/arena.cpp:197), pid=5008, tid=12960
#
# JRE version: OpenJDK Runtime Environment (11.0.8+10) (build 11.0.8+10-b944.6842174)
# Java VM: OpenJDK 64-Bit Server VM (11.0.8+10-b944.6842174, mixed mode, tiered, compressed oops, g1 gc, windows-amd64)
# No core dump will be written. Minidumps are not enabled by default on client versions of Windows
#

---------------  S U M M A R Y ------------

Command Line: --add-opens=java.base/java.util=ALL-UNNAMED --add-opens=java.base/java.lang=ALL-UNNAMED --add-opens=java.base/java.lang.invoke=ALL-UNNAMED --add-opens=java.prefs/java.util.prefs=ALL-UNNAMED -Xmx2048m -Dfile.encoding=UTF-8 -Duser.country=IN -Duser.language=en -Duser.variant org.gradle.launcher.daemon.bootstrap.GradleDaemon 6.7.1

Host: Intel(R) Core(TM) i5-8300H CPU @ 2.30GHz, 8 cores, 7G,  Windows 10 , 64 bit Build 19041 (10.0.19041.1202)
Time: Fri Oct 22 17:21:00 2021 India Standard Time elapsed time: 9 seconds (0d 0h 0m 9s)

---------------  T H R E A D  ---------------

Current thread (0x0000028647c3b800):  JavaThread "C2 CompilerThread1" daemon [_thread_in_native, id=12960, stack(0x0000009bf5000000,0x0000009bf5100000)]


Current CompileTask:
C2:   9663 5620       4       org.objectweb.asm.MethodWriter::computeAllFrames (510 bytes)

Stack: [0x0000009bf5000000,0x0000009bf5100000]
Native frames: (J=compiled Java code, j=interpreted, Vv=VM code, C=native code)
V  [jvm.dll+0x5de50a]
V  [jvm.dll+0x7122f5]
V  [jvm.dll+0x71384d]
V  [jvm.dll+0x713f03]
V  [jvm.dll+0x23e728]
V  [jvm.dll+0xb899c]
V  [jvm.dll+0xb8e9c]
V  [jvm.dll+0x35020b]
V  [jvm.dll+0x31dea3]
V  [jvm.dll+0x31d39a]
V  [jvm.dll+0x1f7702]
V  [jvm.dll+0x1f68d4]
V  [jvm.dll+0x17f32c]
V  [jvm.dll+0x205047]
V  [jvm.dll+0x203891]
V  [jvm.dll+0x6dad3f]
V  [jvm.dll+0x6d3895]
V  [jvm.dll+0x5dd4a6]
C  [ucrtbase.dll+0x21bb2]
C  [KERNEL32.DLL+0x17034]
C  [ntdll.dll+0x52651]


---------------  P R O C E S S  ---------------

Threads class SMR info:
_java_thread_list=0x000002864dcc8890, length=157, elements={
0x000002862a40a000, 0x0000028644f0d800, 0x0000028644f16000, 0x0000028645729800,
0x000002864572a000, 0x000002864572b000, 0x0000028645733800, 0x0000028645735000,
0x00000286458e5800, 0x0000028645913000, 0x00000286472af800, 0x0000028647b3d000,
0x0000028645993800, 0x0000028646e57000, 0x00000286482e3000, 0x0000028646ef4000,
0x0000028646f15000, 0x0000028647791800, 0x0000028647b54800, 0x00000286473be000,
0x000002864856f000, 0x000002864856f800, 0x000002864856e000, 0x0000028647c3b800,
0x0000028648571800, 0x000002864856d000, 0x0000028648572000, 0x0000028648570800,
0x0000028648573000, 0x0000028648574000, 0x00000286492a1800, 0x00000286492a2800,
0x000002864929e800, 0x000002864929f000, 0x00000286492a3000, 0x000002864929d800,
0x00000286492a0800, 0x00000286492a4000, 0x00000286492a5800, 0x00000286492a5000,
0x00000286492a0000, 0x00000286492a9000, 0x00000286492a9800, 0x00000286492ac000,
0x00000286492a6800, 0x00000286492aa800, 0x00000286492ab800, 0x00000286492a8000,
0x00000286492a7000, 0x00000286493be800, 0x00000286493c2800, 0x0000028649264000,
0x00000286493c5000, 0x00000286493bf000, 0x00000286493c6000, 0x00000286493c1000,
0x00000286493c0000, 0x00000286493c6800, 0x00000286493c7800, 0x00000286493c1800,
0x00000286493ca000, 0x00000286493ca800, 0x00000286493cb800, 0x00000286493cc800,
0x00000286493c8000, 0x00000286493c9000, 0x0000028648d10000, 0x0000028648d11800,
0x0000028648d12800, 0x0000028648d13000, 0x0000028648d14000, 0x0000028648d10800,
0x0000028648d15000, 0x0000028648d19800, 0x0000028648d18000, 0x0000028648d19000,
0x0000028648d16800, 0x0000028648d17000, 0x0000028648d15800, 0x0000028648d1a800,
0x0000028648d1b800, 0x0000028648d1e000, 0x0000028648d1c000, 0x0000028648d1d000,
0x0000028648d1e800, 0x000002864c8ac000, 0x000002864c8b0000, 0x000002864c8b1000,
0x000002864c8af000, 0x000002864c8ad800, 0x000002864c8ab000, 0x000002864c8b1800,
0x000002864c8b2800, 0x000002864c8ad000, 0x000002864c8b3800, 0x000002864c8b4000,
0x000002864c8ae800, 0x000002864c8b5000, 0x000002864c8ba000, 0x000002864c8b6000,
0x000002864c8b6800, 0x000002864c8b8000, 0x000002864c8b7800, 0x000002864c8b9000,
0x0000028648ac3800, 0x0000028648ac4800, 0x0000028648ac6000, 0x0000028648ac1000,
0x0000028648ac5000, 0x0000028648ac0000, 0x0000028648ac6800, 0x0000028648ac7800,
0x0000028648ac2800, 0x0000028648ac2000, 0x0000028648acd000, 0x0000028648ac8800,
0x0000028648acf000, 0x0000028648acb000, 0x0000028648ac9000, 0x0000028648aca000,
0x0000028648acb800, 0x0000028648acc800, 0x0000028648ace000, 0x000002864cca7800,
0x000002864cca6000, 0x000002864cca5800, 0x000002864cca2000, 0x000002864cca8800,
0x000002864cca7000, 0x000002864cca3000, 0x000002864cca9800, 0x000002864cca4800,
0x000002864cca3800, 0x000002864ccac800, 0x000002864ccaf000, 0x000002864ccab000,
0x000002864ccae800, 0x000002864ccaa000, 0x000002864ccac000, 0x000002864ccad800,
0x000002864ccb0000, 0x000002864ccb0800, 0x000002864b75a800, 0x000002864b757000,
0x000002864b75b000, 0x000002864b756800, 0x000002864b75c000, 0x000002864b758000,
0x000002864b75d000, 0x000002864b75d800, 0x000002864b75e800, 0x000002864b758800,
0x000002864b75f800, 0x000002864b759800, 0x000002864b760000, 0x000002864b764000,
0x000002864b761000
}

Java Threads: ( => current thread )
  0x000002862a40a000 JavaThread "main" [_thread_blocked, id=980, stack(0x0000009bf2800000,0x0000009bf2900000)]
  0x0000028644f0d800 JavaThread "Reference Handler" daemon [_thread_blocked, id=4464, stack(0x0000009bf2f00000,0x0000009bf3000000)]
  0x0000028644f16000 JavaThread "Finalizer" daemon [_thread_blocked, id=3656, stack(0x0000009bf3000000,0x0000009bf3100000)]
  0x0000028645729800 JavaThread "Signal Dispatcher" daemon [_thread_blocked, id=10232, stack(0x0000009bf3100000,0x0000009bf3200000)]
  0x000002864572a000 JavaThread "Attach Listener" daemon [_thread_blocked, id=11792, stack(0x0000009bf3200000,0x0000009bf3300000)]
  0x000002864572b000 JavaThread "C2 CompilerThread0" daemon [_thread_in_native, id=10940, stack(0x0000009bf3300000,0x0000009bf3400000)]
  0x0000028645733800 JavaThread "C1 CompilerThread0" daemon [_thread_in_native, id=5392, stack(0x0000009bf3400000,0x0000009bf3500000)]
  0x0000028645735000 JavaThread "Sweeper thread" daemon [_thread_blocked, id=1728, stack(0x0000009bf3500000,0x0000009bf3600000)]
  0x00000286458e5800 JavaThread "Common-Cleaner" daemon [_thread_blocked, id=11968, stack(0x0000009bf3600000,0x0000009bf3700000)]
  0x0000028645913000 JavaThread "Service Thread" daemon [_thread_blocked, id=12168, stack(0x0000009bf3700000,0x0000009bf3800000)]
  0x00000286472af800 JavaThread "Daemon health stats" [_thread_blocked, id=10492, stack(0x0000009bf3c00000,0x0000009bf3d00000)]
  0x0000028647b3d000 JavaThread "Incoming local TCP Connector on port 49952" [_thread_in_native, id=8476, stack(0x0000009bf3e00000,0x0000009bf3f00000)]
  0x0000028645993800 JavaThread "Daemon" [_thread_blocked, id=2468, stack(0x0000009bf3f00000,0x0000009bf4000000)]
  0x0000028646e57000 JavaThread "Daemon periodic checks" [_thread_blocked, id=7248, stack(0x0000009bf4000000,0x0000009bf4100000)]
  0x00000286482e3000 JavaThread "Handler for socket connection from /127.0.0.1:49952 to /127.0.0.1:49953" [_thread_in_native, id=10424, stack(0x0000009bf4100000,0x0000009bf4200000)]
  0x0000028646ef4000 JavaThread "Cancel handler" [_thread_blocked, id=5440, stack(0x0000009bf4200000,0x0000009bf4300000)]
  0x0000028646f15000 JavaThread "Daemon worker" [_thread_in_vm, id=6596, stack(0x0000009bf4300000,0x0000009bf4400000)]
  0x0000028647791800 JavaThread "Asynchronous log dispatcher for DefaultDaemonConnection: socket connection from /127.0.0.1:49952 to /127.0.0.1:49953" [_thread_blocked, id=10808, stack(0x0000009bf4400000,0x0000009bf4500000)]
  0x0000028647b54800 JavaThread "Stdin handler" [_thread_blocked, id=2448, stack(0x0000009bf4500000,0x0000009bf4600000)]
  0x00000286473be000 JavaThread "Thread-8" [_thread_blocked, id=6888, stack(0x0000009bf4600000,0x0000009bf4700000)]
  0x000002864856f000 JavaThread "Cache worker for file hash cache (C:\Users\NIMESH\AndroidStudioProjects\RTOGujarati\.gradle\caches\6.7.1\fileHashes)" [_thread_blocked, id=4356, stack(0x0000009bf4c00000,0x0000009bf4d00000)]
  0x000002864856f800 JavaThread "File lock request listener" [_thread_in_native, id=4392, stack(0x0000009bf4d00000,0x0000009bf4e00000)]
  0x000002864856e000 JavaThread "Cache worker for journal cache (C:\Users\NIMESH\AndroidStudioProjects\RTOGujarati\.gradle\caches\journal-1)" [_thread_blocked, id=9808, stack(0x0000009bf4f00000,0x0000009bf5000000)]
=>0x0000028647c3b800 JavaThread "C2 CompilerThread1" daemon [_thread_in_native, id=12960, stack(0x0000009bf5000000,0x0000009bf5100000)]
  0x0000028648571800 JavaThread "Cache worker for file hash cache (C:\Users\NIMESH\AndroidStudioProjects\SpeakingApp\.gradle\6.7.1\fileHashes)" [_thread_blocked, id=6548, stack(0x0000009bf5100000,0x0000009bf5200000)]
  0x000002864856d000 JavaThread "jar transforms" [_thread_blocked, id=11140, stack(0x0000009bf5200000,0x0000009bf5300000)]
  0x0000028648572000 JavaThread "jar transforms Thread 2" [_thread_blocked, id=2584, stack(0x0000009bf5300000,0x0000009bf5400000)]
  0x0000028648570800 JavaThread "jar transforms Thread 3" [_thread_blocked, id=2656, stack(0x0000009bf5400000,0x0000009bf5500000)]
  0x0000028648573000 JavaThread "jar transforms Thread 4" [_thread_blocked, id=10720, stack(0x0000009bf5500000,0x0000009bf5600000)]
  0x0000028648574000 JavaThread "jar transforms Thread 5" [_thread_blocked, id=624, stack(0x0000009bf5600000,0x0000009bf5700000)]
  0x00000286492a1800 JavaThread "jar transforms Thread 6" [_thread_blocked, id=12516, stack(0x0000009bf5700000,0x0000009bf5800000)]
  0x00000286492a2800 JavaThread "jar transforms Thread 7" [_thread_blocked, id=12776, stack(0x0000009bf5900000,0x0000009bf5a00000)]
  0x000002864929e800 JavaThread "jar transforms Thread 8" [_thread_blocked, id=2056, stack(0x0000009bf5a00000,0x0000009bf5b00000)]
  0x000002864929f000 JavaThread "jar transforms Thread 9" [_thread_blocked, id=2216, stack(0x0000009bf5b00000,0x0000009bf5c00000)]
  0x00000286492a3000 JavaThread "jar transforms Thread 10" [_thread_blocked, id=1840, stack(0x0000009bf5c00000,0x0000009bf5d00000)]
  0x000002864929d800 JavaThread "jar transforms Thread 11" [_thread_blocked, id=8964, stack(0x0000009bf5d00000,0x0000009bf5e00000)]
  0x00000286492a0800 JavaThread "jar transforms Thread 12" [_thread_blocked, id=10024, stack(0x0000009bf5e00000,0x0000009bf5f00000)]
  0x00000286492a4000 JavaThread "jar transforms Thread 13" [_thread_blocked, id=11972, stack(0x0000009bf5f00000,0x0000009bf6000000)]
  0x00000286492a5800 JavaThread "jar transforms Thread 14" [_thread_blocked, id=2748, stack(0x0000009bf6000000,0x0000009bf6100000)]
  0x00000286492a5000 JavaThread "jar transforms Thread 15" [_thread_blocked, id=3152, stack(0x0000009bf6100000,0x0000009bf6200000)]
  0x00000286492a0000 JavaThread "jar transforms Thread 16" [_thread_blocked, id=9732, stack(0x0000009bf6200000,0x0000009bf6300000)]
  0x00000286492a9000 JavaThread "jar transforms Thread 17" [_thread_blocked, id=13060, stack(0x0000009bf6300000,0x0000009bf6400000)]
  0x00000286492a9800 JavaThread "jar transforms Thread 18" [_thread_blocked, id=9604, stack(0x0000009bf6400000,0x0000009bf6500000)]
  0x00000286492ac000 JavaThread "jar transforms Thread 19" [_thread_blocked, id=4704, stack(0x0000009bf6500000,0x0000009bf6600000)]
  0x00000286492a6800 JavaThread "jar transforms Thread 20" [_thread_blocked, id=7792, stack(0x0000009bf6600000,0x0000009bf6700000)]
  0x00000286492aa800 JavaThread "jar transforms Thread 21" [_thread_blocked, id=1480, stack(0x0000009bf6700000,0x0000009bf6800000)]
  0x00000286492ab800 JavaThread "Cache worker for checksums cache (C:\Users\NIMESH\AndroidStudioProjects\SpeakingApp\.gradle\checksums)" [_thread_blocked, id=7996, stack(0x0000009bf6800000,0x0000009bf6900000)]
  0x00000286492a8000 JavaThread "Cache worker for cache directory md-supplier (C:\Users\NIMESH\AndroidStudioProjects\RTOGujarati\.gradle\caches\6.7.1\md-supplier)" [_thread_blocked, id=12732, stack(0x0000009bf5800000,0x0000009bf5900000)]
  0x00000286492a7000 JavaThread "Cache worker for cache directory md-rule (C:\Users\NIMESH\AndroidStudioProjects\RTOGujarati\.gradle\caches\6.7.1\md-rule)" [_thread_blocked, id=10856, stack(0x0000009bf6900000,0x0000009bf6a00000)]
  0x00000286493be800 JavaThread "Cache worker for execution history cache (C:\Users\NIMESH\AndroidStudioProjects\RTOGujarati\.gradle\caches\6.7.1\executionHistory)" [_thread_blocked, id=3984, stack(0x0000009bf6a00000,0x0000009bf6b00000)]
  0x00000286493c2800 JavaThread "Cache worker for file content cache (C:\Users\NIMESH\AndroidStudioProjects\RTOGujarati\.gradle\caches\6.7.1\fileContent)" [_thread_blocked, id=12324, stack(0x0000009bf6b00000,0x0000009bf6c00000)]
  0x0000028649264000 JavaThread "C2 CompilerThread2" daemon [_thread_in_native, id=1336, stack(0x0000009bf6c00000,0x0000009bf6d00000)]
  0x00000286493c5000 JavaThread "Cache worker for Build Output Cleanup Cache (C:\Users\NIMESH\AndroidStudioProjects\SpeakingApp\.gradle\buildOutputCleanup)" [_thread_blocked, id=11200, stack(0x0000009bf6d00000,0x0000009bf6e00000)]
  0x00000286493bf000 JavaThread "Build operations" [_thread_blocked, id=2580, stack(0x0000009bf6e00000,0x0000009bf6f00000)]
  0x00000286493c6000 JavaThread "Build operations Thread 2" [_thread_blocked, id=1672, stack(0x0000009bf6f00000,0x0000009bf7000000)]
  0x00000286493c1000 JavaThread "Build operations Thread 3" [_thread_blocked, id=10892, stack(0x0000009bf7000000,0x0000009bf7100000)]
  0x00000286493c0000 JavaThread "Build operations Thread 4" [_thread_blocked, id=5248, stack(0x0000009bf7100000,0x0000009bf7200000)]
  0x00000286493c6800 JavaThread "Build operations Thread 5" [_thread_blocked, id=2024, stack(0x0000009bf7200000,0x0000009bf7300000)]
  0x00000286493c7800 JavaThread "Build operations Thread 6" [_thread_blocked, id=1196, stack(0x0000009bf7300000,0x0000009bf7400000)]
  0x00000286493c1800 JavaThread "Build operations Thread 7" [_thread_blocked, id=7032, stack(0x0000009bf7400000,0x0000009bf7500000)]
  0x00000286493ca000 JavaThread "Build operations Thread 8" [_thread_blocked, id=10480, stack(0x0000009bf7500000,0x0000009bf7600000)]
  0x00000286493ca800 JavaThread "jar transforms Thread 22" [_thread_blocked, id=5320, stack(0x0000009bf7600000,0x0000009bf7700000)]
  0x00000286493cb800 JavaThread "jar transforms Thread 23" [_thread_blocked, id=2984, stack(0x0000009bf7700000,0x0000009bf7800000)]
  0x00000286493cc800 JavaThread "jar transforms Thread 24" [_thread_blocked, id=10340, stack(0x0000009bf7800000,0x0000009bf7900000)]
  0x00000286493c8000 JavaThread "jar transforms Thread 25" [_thread_blocked, id=10304, stack(0x0000009bf7900000,0x0000009bf7a00000)]
  0x00000286493c9000 JavaThread "jar transforms Thread 26" [_thread_blocked, id=220, stack(0x0000009bf7a00000,0x0000009bf7b00000)]
  0x0000028648d10000 JavaThread "jar transforms Thread 27" [_thread_blocked, id=11364, stack(0x0000009bf7b00000,0x0000009bf7c00000)]
  0x0000028648d11800 JavaThread "jar transforms Thread 28" [_thread_blocked, id=12180, stack(0x0000009bf7c00000,0x0000009bf7d00000)]
  0x0000028648d12800 JavaThread "jar transforms Thread 29" [_thread_blocked, id=2816, stack(0x0000009bf7d00000,0x0000009bf7e00000)]
  0x0000028648d13000 JavaThread "jar transforms Thread 30" [_thread_blocked, id=4212, stack(0x0000009bf7e00000,0x0000009bf7f00000)]
  0x0000028648d14000 JavaThread "jar transforms Thread 31" [_thread_blocked, id=9248, stack(0x0000009bf7f00000,0x0000009bf8000000)]
  0x0000028648d10800 JavaThread "jar transforms Thread 32" [_thread_blocked, id=11248, stack(0x0000009bf8000000,0x0000009bf8100000)]
  0x0000028648d15000 JavaThread "jar transforms Thread 33" [_thread_blocked, id=12664, stack(0x0000009bf8100000,0x0000009bf8200000)]
  0x0000028648d19800 JavaThread "jar transforms Thread 34" [_thread_blocked, id=3304, stack(0x0000009bf8200000,0x0000009bf8300000)]
  0x0000028648d18000 JavaThread "jar transforms Thread 35" [_thread_blocked, id=4620, stack(0x0000009bf8300000,0x0000009bf8400000)]
  0x0000028648d19000 JavaThread "jar transforms Thread 36" [_thread_blocked, id=9336, stack(0x0000009bf8400000,0x0000009bf8500000)]
  0x0000028648d16800 JavaThread "jar transforms Thread 37" [_thread_blocked, id=6256, stack(0x0000009bf8500000,0x0000009bf8600000)]
  0x0000028648d17000 JavaThread "jar transforms Thread 38" [_thread_blocked, id=10192, stack(0x0000009bf8600000,0x0000009bf8700000)]
  0x0000028648d15800 JavaThread "jar transforms Thread 39" [_thread_blocked, id=11224, stack(0x0000009bf8700000,0x0000009bf8800000)]
  0x0000028648d1a800 JavaThread "jar transforms Thread 40" [_thread_blocked, id=11188, stack(0x0000009bf8800000,0x0000009bf8900000)]
  0x0000028648d1b800 JavaThread "jar transforms Thread 41" [_thread_blocked, id=12076, stack(0x0000009bf8900000,0x0000009bf8a00000)]
  0x0000028648d1e000 JavaThread "jar transforms Thread 42" [_thread_blocked, id=12036, stack(0x0000009bf8a00000,0x0000009bf8b00000)]
  0x0000028648d1c000 JavaThread "jar transforms Thread 43" [_thread_blocked, id=6908, stack(0x0000009bf8b00000,0x0000009bf8c00000)]
  0x0000028648d1d000 JavaThread "jar transforms Thread 44" [_thread_blocked, id=6668, stack(0x0000009bf8c00000,0x0000009bf8d00000)]
  0x0000028648d1e800 JavaThread "jar transforms Thread 45" [_thread_blocked, id=7212, stack(0x0000009bf8d00000,0x0000009bf8e00000)]
  0x000002864c8ac000 JavaThread "jar transforms Thread 46" [_thread_blocked, id=2520, stack(0x0000009bf8e00000,0x0000009bf8f00000)]
  0x000002864c8b0000 JavaThread "jar transforms Thread 47" [_thread_blocked, id=7700, stack(0x0000009bf8f00000,0x0000009bf9000000)]
  0x000002864c8b1000 JavaThread "jar transforms Thread 48" [_thread_blocked, id=2836, stack(0x0000009bf9000000,0x0000009bf9100000)]
  0x000002864c8af000 JavaThread "jar transforms Thread 49" [_thread_blocked, id=7812, stack(0x0000009bf9100000,0x0000009bf9200000)]
  0x000002864c8ad800 JavaThread "jar transforms Thread 50" [_thread_blocked, id=7864, stack(0x0000009bf9200000,0x0000009bf9300000)]
  0x000002864c8ab000 JavaThread "jar transforms Thread 51" [_thread_blocked, id=9196, stack(0x0000009bf9300000,0x0000009bf9400000)]
  0x000002864c8b1800 JavaThread "jar transforms Thread 52" [_thread_blocked, id=10744, stack(0x0000009bf9400000,0x0000009bf9500000)]
  0x000002864c8b2800 JavaThread "jar transforms Thread 53" [_thread_blocked, id=4600, stack(0x0000009bf9500000,0x0000009bf9600000)]
  0x000002864c8ad000 JavaThread "jar transforms Thread 54" [_thread_blocked, id=10612, stack(0x0000009bf9600000,0x0000009bf9700000)]
  0x000002864c8b3800 JavaThread "jar transforms Thread 55" [_thread_blocked, id=2680, stack(0x0000009bf9700000,0x0000009bf9800000)]
  0x000002864c8b4000 JavaThread "jar transforms Thread 56" [_thread_blocked, id=8124, stack(0x0000009bf9800000,0x0000009bf9900000)]
  0x000002864c8ae800 JavaThread "jar transforms Thread 57" [_thread_blocked, id=12152, stack(0x0000009bf9900000,0x0000009bf9a00000)]
  0x000002864c8b5000 JavaThread "jar transforms Thread 58" [_thread_blocked, id=9840, stack(0x0000009bf9a00000,0x0000009bf9b00000)]
  0x000002864c8ba000 JavaThread "jar transforms Thread 59" [_thread_blocked, id=11520, stack(0x0000009bf9b00000,0x0000009bf9c00000)]
  0x000002864c8b6000 JavaThread "jar transforms Thread 60" [_thread_blocked, id=1260, stack(0x0000009bf9c00000,0x0000009bf9d00000)]
  0x000002864c8b6800 JavaThread "jar transforms Thread 61" [_thread_blocked, id=6744, stack(0x0000009bf9d00000,0x0000009bf9e00000)]
  0x000002864c8b8000 JavaThread "jar transforms Thread 62" [_thread_blocked, id=4420, stack(0x0000009bf9e00000,0x0000009bf9f00000)]
  0x000002864c8b7800 JavaThread "jar transforms Thread 63" [_thread_blocked, id=2996, stack(0x0000009bf9f00000,0x0000009bfa000000)]
  0x000002864c8b9000 JavaThread "jar transforms Thread 64" [_thread_blocked, id=6332, stack(0x0000009bfa000000,0x0000009bfa100000)]
  0x0000028648ac3800 JavaThread "jar transforms Thread 65" [_thread_blocked, id=9508, stack(0x0000009bfa100000,0x0000009bfa200000)]
  0x0000028648ac4800 JavaThread "jar transforms Thread 66" [_thread_blocked, id=6356, stack(0x0000009bfa200000,0x0000009bfa300000)]
  0x0000028648ac6000 JavaThread "jar transforms Thread 67" [_thread_blocked, id=5444, stack(0x0000009bfa300000,0x0000009bfa400000)]
  0x0000028648ac1000 JavaThread "jar transforms Thread 68" [_thread_blocked, id=3280, stack(0x0000009bfa400000,0x0000009bfa500000)]
  0x0000028648ac5000 JavaThread "jar transforms Thread 69" [_thread_blocked, id=1536, stack(0x0000009bfa500000,0x0000009bfa600000)]
  0x0000028648ac0000 JavaThread "jar transforms Thread 70" [_thread_blocked, id=656, stack(0x0000009bfa600000,0x0000009bfa700000)]
  0x0000028648ac6800 JavaThread "jar transforms Thread 71" [_thread_blocked, id=6284, stack(0x0000009bfa700000,0x0000009bfa800000)]
  0x0000028648ac7800 JavaThread "jar transforms Thread 72" [_thread_blocked, id=12984, stack(0x0000009bfa800000,0x0000009bfa900000)]
  0x0000028648ac2800 JavaThread "jar transforms Thread 73" [_thread_blocked, id=2168, stack(0x0000009bfa900000,0x0000009bfaa00000)]
  0x0000028648ac2000 JavaThread "jar transforms Thread 74" [_thread_blocked, id=2664, stack(0x0000009bfaa00000,0x0000009bfab00000)]
  0x0000028648acd000 JavaThread "jar transforms Thread 75" [_thread_blocked, id=2744, stack(0x0000009bfab00000,0x0000009bfac00000)]
  0x0000028648ac8800 JavaThread "jar transforms Thread 76" [_thread_blocked, id=2532, stack(0x0000009bfac00000,0x0000009bfad00000)]
  0x0000028648acf000 JavaThread "jar transforms Thread 77" [_thread_blocked, id=9908, stack(0x0000009bfad00000,0x0000009bfae00000)]
  0x0000028648acb000 JavaThread "jar transforms Thread 78" [_thread_blocked, id=3228, stack(0x0000009bfae00000,0x0000009bfaf00000)]
  0x0000028648ac9000 JavaThread "jar transforms Thread 79" [_thread_blocked, id=9232, stack(0x0000009bfaf00000,0x0000009bfb000000)]
  0x0000028648aca000 JavaThread "jar transforms Thread 80" [_thread_blocked, id=6264, stack(0x0000009bfb000000,0x0000009bfb100000)]
  0x0000028648acb800 JavaThread "jar transforms Thread 81" [_thread_blocked, id=12164, stack(0x0000009bfb100000,0x0000009bfb200000)]
  0x0000028648acc800 JavaThread "jar transforms Thread 82" [_thread_blocked, id=3508, stack(0x0000009bfb200000,0x0000009bfb300000)]
  0x0000028648ace000 JavaThread "jar transforms Thread 83" [_thread_blocked, id=9668, stack(0x0000009bfb300000,0x0000009bfb400000)]
  0x000002864cca7800 JavaThread "jar transforms Thread 84" [_thread_blocked, id=7692, stack(0x0000009bfb400000,0x0000009bfb500000)]
  0x000002864cca6000 JavaThread "jar transforms Thread 85" [_thread_blocked, id=10308, stack(0x0000009bfb500000,0x0000009bfb600000)]
  0x000002864cca5800 JavaThread "jar transforms Thread 86" [_thread_blocked, id=6788, stack(0x0000009bfb600000,0x0000009bfb700000)]
  0x000002864cca2000 JavaThread "jar transforms Thread 87" [_thread_blocked, id=6784, stack(0x0000009bfb700000,0x0000009bfb800000)]
  0x000002864cca8800 JavaThread "jar transforms Thread 88" [_thread_blocked, id=1740, stack(0x0000009bfb800000,0x0000009bfb900000)]
  0x000002864cca7000 JavaThread "jar transforms Thread 89" [_thread_blocked, id=5628, stack(0x0000009bfb900000,0x0000009bfba00000)]
  0x000002864cca3000 JavaThread "jar transforms Thread 90" [_thread_blocked, id=4328, stack(0x0000009bfba00000,0x0000009bfbb00000)]
  0x000002864cca9800 JavaThread "jar transforms Thread 91" [_thread_blocked, id=11176, stack(0x0000009bfbb00000,0x0000009bfbc00000)]
  0x000002864cca4800 JavaThread "jar transforms Thread 92" [_thread_blocked, id=2524, stack(0x0000009bfbc00000,0x0000009bfbd00000)]
  0x000002864cca3800 JavaThread "jar transforms Thread 93" [_thread_blocked, id=9008, stack(0x0000009bfbd00000,0x0000009bfbe00000)]
  0x000002864ccac800 JavaThread "jar transforms Thread 94" [_thread_blocked, id=2300, stack(0x0000009bfbe00000,0x0000009bfbf00000)]
  0x000002864ccaf000 JavaThread "jar transforms Thread 95" [_thread_blocked, id=13176, stack(0x0000009bfbf00000,0x0000009bfc000000)]
  0x000002864ccab000 JavaThread "jar transforms Thread 96" [_thread_blocked, id=11328, stack(0x0000009bfc000000,0x0000009bfc100000)]
  0x000002864ccae800 JavaThread "jar transforms Thread 97" [_thread_blocked, id=8204, stack(0x0000009bfc100000,0x0000009bfc200000)]
  0x000002864ccaa000 JavaThread "jar transforms Thread 98" [_thread_blocked, id=7704, stack(0x0000009bfc200000,0x0000009bfc300000)]
  0x000002864ccac000 JavaThread "jar transforms Thread 99" [_thread_blocked, id=12868, stack(0x0000009bfc300000,0x0000009bfc400000)]
  0x000002864ccad800 JavaThread "jar transforms Thread 100" [_thread_blocked, id=3684, stack(0x0000009bfc400000,0x0000009bfc500000)]
  0x000002864ccb0000 JavaThread "jar transforms Thread 101" [_thread_blocked, id=12616, stack(0x0000009bfc500000,0x0000009bfc600000)]
  0x000002864ccb0800 JavaThread "jar transforms Thread 102" [_thread_blocked, id=11988, stack(0x0000009bfc600000,0x0000009bfc700000)]
  0x000002864b75a800 JavaThread "jar transforms Thread 103" [_thread_blocked, id=10800, stack(0x0000009bfc700000,0x0000009bfc800000)]
  0x000002864b757000 JavaThread "jar transforms Thread 104" [_thread_blocked, id=3232, stack(0x0000009bfc800000,0x0000009bfc900000)]
  0x000002864b75b000 JavaThread "jar transforms Thread 105" [_thread_blocked, id=9252, stack(0x0000009bfc900000,0x0000009bfca00000)]
  0x000002864b756800 JavaThread "jar transforms Thread 106" [_thread_blocked, id=9020, stack(0x0000009bfca00000,0x0000009bfcb00000)]
  0x000002864b75c000 JavaThread "jar transforms Thread 107" [_thread_blocked, id=8956, stack(0x0000009bfcb00000,0x0000009bfcc00000)]
  0x000002864b758000 JavaThread "jar transforms Thread 108" [_thread_blocked, id=9700, stack(0x0000009bfcc00000,0x0000009bfcd00000)]
  0x000002864b75d000 JavaThread "jar transforms Thread 109" [_thread_blocked, id=7124, stack(0x0000009bfcd00000,0x0000009bfce00000)]
  0x000002864b75d800 JavaThread "jar transforms Thread 110" [_thread_blocked, id=3180, stack(0x0000009bfce00000,0x0000009bfcf00000)]
  0x000002864b75e800 JavaThread "jar transforms Thread 111" [_thread_blocked, id=11480, stack(0x0000009bfcf00000,0x0000009bfd000000)]
  0x000002864b758800 JavaThread "jar transforms Thread 112" [_thread_blocked, id=9720, stack(0x0000009bfd000000,0x0000009bfd100000)]
  0x000002864b75f800 JavaThread "jar transforms Thread 113" [_thread_blocked, id=6396, stack(0x0000009bfd100000,0x0000009bfd200000)]
  0x000002864b759800 JavaThread "jar transforms Thread 114" [_thread_blocked, id=5232, stack(0x0000009bfd200000,0x0000009bfd300000)]
  0x000002864b760000 JavaThread "jar transforms Thread 115" [_thread_blocked, id=8896, stack(0x0000009bfd300000,0x0000009bfd400000)]
  0x000002864b764000 JavaThread "jar transforms Thread 116" [_thread_blocked, id=9416, stack(0x0000009bfd400000,0x0000009bfd500000)]
  0x000002864b761000 JavaThread "Memory manager" [_thread_blocked, id=9464, stack(0x0000009bfd500000,0x0000009bfd600000)]

Other Threads:
  0x0000028644ec8800 VMThread "VM Thread" [stack: 0x0000009bf2e00000,0x0000009bf2f00000] [id=11452]
  0x00000286458f6000 WatcherThread [stack: 0x0000009bf3800000,0x0000009bf3900000] [id=10268]
  0x000002862a421800 GCTaskThread "GC Thread#0" [stack: 0x0000009bf2900000,0x0000009bf2a00000] [id=2292]
  0x00000286457eb800 GCTaskThread "GC Thread#1" [stack: 0x0000009bf3a00000,0x0000009bf3b00000] [id=10088]
  0x00000286457f0000 GCTaskThread "GC Thread#2" [stack: 0x0000009bf3b00000,0x0000009bf3c00000] [id=9776]
  0x00000286457f2000 GCTaskThread "GC Thread#3" [stack: 0x0000009bf4700000,0x0000009bf4800000] [id=3972]
  0x00000286457f0800 GCTaskThread "GC Thread#4" [stack: 0x0000009bf4800000,0x0000009bf4900000] [id=11016]
  0x00000286457ee800 GCTaskThread "GC Thread#5" [stack: 0x0000009bf4900000,0x0000009bf4a00000] [id=10988]
  0x00000286457ef000 GCTaskThread "GC Thread#6" [stack: 0x0000009bf4a00000,0x0000009bf4b00000] [id=11024]
  0x00000286457f1800 GCTaskThread "GC Thread#7" [stack: 0x0000009bf4b00000,0x0000009bf4c00000] [id=7912]
  0x000002862a452800 ConcurrentGCThread "G1 Main Marker" [stack: 0x0000009bf2a00000,0x0000009bf2b00000] [id=9268]
  0x000002862a457000 ConcurrentGCThread "G1 Conc#0" [stack: 0x0000009bf2b00000,0x0000009bf2c00000] [id=7348]
  0x00000286457ed800 ConcurrentGCThread "G1 Conc#1" [stack: 0x0000009bf4e00000,0x0000009bf4f00000] [id=6112]
  0x000002862a4e7800 ConcurrentGCThread "G1 Refine#0" [stack: 0x0000009bf2c00000,0x0000009bf2d00000] [id=10288]
  0x0000028644d30800 ConcurrentGCThread "G1 Young RemSet Sampling" [stack: 0x0000009bf2d00000,0x0000009bf2e00000] [id=4860]

Threads with active compile tasks:
C2 CompilerThread0   9708 5630       4       java.util.TreeMap::put (247 bytes)
C1 CompilerThread0   9708 5706       3       com.google.gson.internal.UnsafeAllocator$1::newInstance (24 bytes)
C2 CompilerThread1   9708 5620       4       org.objectweb.asm.MethodWriter::computeAllFrames (510 bytes)
C2 CompilerThread2   9708 5638       4       org.gradle.internal.reflect.MethodSet::add (50 bytes)

VM state:not at safepoint (normal execution)

VM Mutex/Monitor currently owned by a thread: None

Heap address: 0x0000000080000000, size: 2048 MB, Compressed Oops mode: 32-bit
Narrow klass base: 0x0000000000000000, Narrow klass shift: 3
Compressed class space size: 1073741824 Address: 0x0000000100000000

Heap:
 garbage-first heap   total 129024K, used 76922K [0x0000000080000000, 0x0000000100000000)
  region size 1024K, 5 young (5120K), 2 survivors (2048K)
 Metaspace       used 60289K, capacity 61928K, committed 62152K, reserved 1103872K
  class space    used 7675K, capacity 8247K, committed 8320K, reserved 1048576K
Heap Regions: E=young(eden), S=young(survivor), O=old, HS=humongous(starts), HC=humongous(continues), CS=collection set, F=free, A=archive, TAMS=top-at-mark-start (previous, next)
|   0|0x0000000080000000, 0x0000000080100000, 0x0000000080100000|100%| O|  |TAMS 0x0000000080100000, 0x0000000080100000| Untracked 
|   1|0x0000000080100000, 0x0000000080200000, 0x0000000080200000|100%| O|  |TAMS 0x0000000080200000, 0x0000000080200000| Untracked 
|   2|0x0000000080200000, 0x0000000080300000, 0x0000000080300000|100%| O|  |TAMS 0x0000000080300000, 0x0000000080300000| Untracked 
|   3|0x0000000080300000, 0x0000000080400000, 0x0000000080400000|100%|HS|  |TAMS 0x0000000080400000, 0x0000000080400000| Complete 
|   4|0x0000000080400000, 0x0000000080500000, 0x0000000080500000|100%|HC|  |TAMS 0x0000000080500000, 0x0000000080500000| Complete 
|   5|0x0000000080500000, 0x0000000080600000, 0x0000000080600000|100%|HC|  |TAMS 0x0000000080600000, 0x0000000080600000| Complete 
|   6|0x0000000080600000, 0x0000000080700000, 0x0000000080700000|100%| O|  |TAMS 0x0000000080700000, 0x0000000080700000| Untracked 
|   7|0x0000000080700000, 0x0000000080800000, 0x0000000080800000|100%| O|  |TAMS 0x0000000080800000, 0x0000000080800000| Untracked 
|   8|0x0000000080800000, 0x0000000080900000, 0x0000000080900000|100%| O|  |TAMS 0x0000000080900000, 0x0000000080900000| Untracked 
|   9|0x0000000080900000, 0x0000000080a00000, 0x0000000080a00000|100%| O|  |TAMS 0x0000000080a00000, 0x0000000080a00000| Untracked 
|  10|0x0000000080a00000, 0x0000000080b00000, 0x0000000080b00000|100%| O|  |TAMS 0x0000000080b00000, 0x0000000080b00000| Untracked 
|  11|0x0000000080b00000, 0x0000000080c00000, 0x0000000080c00000|100%| O|  |TAMS 0x0000000080c00000, 0x0000000080c00000| Untracked 
|  12|0x0000000080c00000, 0x0000000080d00000, 0x0000000080d00000|100%| O|  |TAMS 0x0000000080d00000, 0x0000000080d00000| Untracked 
|  13|0x0000000080d00000, 0x0000000080e00000, 0x0000000080e00000|100%| O|  |TAMS 0x0000000080e00000, 0x0000000080e00000| Untracked 
|  14|0x0000000080e00000, 0x0000000080f00000, 0x0000000080f00000|100%| O|  |TAMS 0x0000000080f00000, 0x0000000080f00000| Untracked 
|  15|0x0000000080f00000, 0x0000000081000000, 0x0000000081000000|100%| O|  |TAMS 0x0000000081000000, 0x0000000081000000| Untracked 
|  16|0x0000000081000000, 0x0000000081100000, 0x0000000081100000|100%|HS|  |TAMS 0x0000000081100000, 0x0000000081100000| Complete 
|  17|0x0000000081100000, 0x0000000081200000, 0x0000000081200000|100%|HC|  |TAMS 0x0000000081200000, 0x0000000081200000| Complete 
|  18|0x0000000081200000, 0x0000000081300000, 0x0000000081300000|100%|HS|  |TAMS 0x0000000081300000, 0x0000000081300000| Complete 
|  19|0x0000000081300000, 0x0000000081400000, 0x0000000081400000|100%|HC|  |TAMS 0x0000000081400000, 0x0000000081400000| Complete 
|  20|0x0000000081400000, 0x0000000081500000, 0x0000000081500000|100%|HC|  |TAMS 0x0000000081500000, 0x0000000081500000| Complete 
|  21|0x0000000081500000, 0x0000000081600000, 0x0000000081600000|100%|HS|  |TAMS 0x0000000081600000, 0x0000000081600000| Complete 
|  22|0x0000000081600000, 0x0000000081700000, 0x0000000081700000|100%|HC|  |TAMS 0x0000000081700000, 0x0000000081700000| Complete 
|  23|0x0000000081700000, 0x0000000081800000, 0x0000000081800000|100%|HC|  |TAMS 0x0000000081800000, 0x0000000081800000| Complete 
|  24|0x0000000081800000, 0x0000000081900000, 0x0000000081900000|100%|HC|  |TAMS 0x0000000081900000, 0x0000000081900000| Complete 
|  25|0x0000000081900000, 0x0000000081a00000, 0x0000000081a00000|100%| O|  |TAMS 0x0000000081a00000, 0x0000000081a00000| Untracked 
|  26|0x0000000081a00000, 0x0000000081b00000, 0x0000000081b00000|100%| O|  |TAMS 0x0000000081b00000, 0x0000000081b00000| Untracked 
|  27|0x0000000081b00000, 0x0000000081c00000, 0x0000000081c00000|100%| O|  |TAMS 0x0000000081c00000, 0x0000000081c00000| Untracked 
|  28|0x0000000081c00000, 0x0000000081d00000, 0x0000000081d00000|100%| O|  |TAMS 0x0000000081d00000, 0x0000000081d00000| Untracked 
|  29|0x0000000081d00000, 0x0000000081e00000, 0x0000000081e00000|100%| O|  |TAMS 0x0000000081e00000, 0x0000000081e00000| Untracked 
|  30|0x0000000081e00000, 0x0000000081f00000, 0x0000000081f00000|100%|HS|  |TAMS 0x0000000081f00000, 0x0000000081f00000| Complete 
|  31|0x0000000081f00000, 0x0000000082000000, 0x0000000082000000|100%| O|  |TAMS 0x0000000082000000, 0x0000000082000000| Untracked 
|  32|0x0000000082000000, 0x0000000082100000, 0x0000000082100000|100%| O|  |TAMS 0x0000000082100000, 0x0000000082100000| Untracked 
|  33|0x0000000082100000, 0x0000000082200000, 0x0000000082200000|100%|HS|  |TAMS 0x0000000082200000, 0x0000000082200000| Complete 
|  34|0x0000000082200000, 0x0000000082300000, 0x0000000082300000|100%|HC|  |TAMS 0x0000000082300000, 0x0000000082300000| Complete 
|  35|0x0000000082300000, 0x0000000082400000, 0x0000000082400000|100%|HC|  |TAMS 0x0000000082400000, 0x0000000082400000| Complete 
|  36|0x0000000082400000, 0x0000000082500000, 0x0000000082500000|100%|HC|  |TAMS 0x0000000082500000, 0x0000000082500000| Complete 
|  37|0x0000000082500000, 0x0000000082600000, 0x0000000082600000|100%|HS|  |TAMS 0x0000000082600000, 0x0000000082600000| Complete 
|  38|0x0000000082600000, 0x0000000082700000, 0x0000000082700000|100%|HC|  |TAMS 0x0000000082700000, 0x0000000082700000| Complete 
|  39|0x0000000082700000, 0x0000000082800000, 0x0000000082800000|100%|HC|  |TAMS 0x0000000082800000, 0x0000000082800000| Complete 
|  40|0x0000000082800000, 0x0000000082900000, 0x0000000082900000|100%| O|  |TAMS 0x0000000082900000, 0x0000000082900000| Untracked 
|  41|0x0000000082900000, 0x0000000082a00000, 0x0000000082a00000|100%| O|  |TAMS 0x0000000082a00000, 0x0000000082a00000| Untracked 
|  42|0x0000000082a00000, 0x0000000082b00000, 0x0000000082b00000|100%| O|  |TAMS 0x0000000082b00000, 0x0000000082b00000| Untracked 
|  43|0x0000000082b00000, 0x0000000082c00000, 0x0000000082c00000|100%| O|  |TAMS 0x0000000082c00000, 0x0000000082c00000| Untracked 
|  44|0x0000000082c00000, 0x0000000082d00000, 0x0000000082d00000|100%| O|  |TAMS 0x0000000082d00000, 0x0000000082d00000| Untracked 
|  45|0x0000000082d00000, 0x0000000082e00000, 0x0000000082e00000|100%| O|  |TAMS 0x0000000082e00000, 0x0000000082e00000| Untracked 
|  46|0x0000000082e00000, 0x0000000082f00000, 0x0000000082f00000|100%| O|  |TAMS 0x0000000082f00000, 0x0000000082f00000| Untracked 
|  47|0x0000000082f00000, 0x0000000083000000, 0x0000000083000000|100%| O|  |TAMS 0x0000000083000000, 0x0000000083000000| Untracked 
|  48|0x0000000083000000, 0x0000000083100000, 0x0000000083100000|100%|HS|  |TAMS 0x0000000083100000, 0x0000000083100000| Complete 
|  49|0x0000000083100000, 0x0000000083200000, 0x0000000083200000|100%|HC|  |TAMS 0x0000000083200000, 0x0000000083200000| Complete 
|  50|0x0000000083200000, 0x0000000083300000, 0x0000000083300000|100%|HC|  |TAMS 0x0000000083300000, 0x0000000083300000| Complete 
|  51|0x0000000083300000, 0x0000000083400000, 0x0000000083400000|100%|HS|  |TAMS 0x0000000083400000, 0x0000000083400000| Complete 
|  52|0x0000000083400000, 0x0000000083500000, 0x0000000083500000|100%|HC|  |TAMS 0x0000000083500000, 0x0000000083500000| Complete 
|  53|0x0000000083500000, 0x0000000083600000, 0x0000000083600000|100%| O|  |TAMS 0x0000000083600000, 0x0000000083600000| Untracked 
|  54|0x0000000083600000, 0x0000000083700000, 0x0000000083700000|100%| O|  |TAMS 0x0000000083700000, 0x0000000083700000| Untracked 
|  55|0x0000000083700000, 0x0000000083800000, 0x0000000083800000|100%| O|  |TAMS 0x0000000083800000, 0x0000000083800000| Untracked 
|  56|0x0000000083800000, 0x0000000083900000, 0x0000000083900000|100%| O|  |TAMS 0x0000000083900000, 0x0000000083900000| Untracked 
|  57|0x0000000083900000, 0x0000000083a00000, 0x0000000083a00000|100%| O|  |TAMS 0x0000000083a00000, 0x0000000083a00000| Untracked 
|  58|0x0000000083a00000, 0x0000000083b00000, 0x0000000083b00000|100%| O|  |TAMS 0x0000000083b00000, 0x0000000083b00000| Untracked 
|  59|0x0000000083b00000, 0x0000000083c00000, 0x0000000083c00000|100%| O|  |TAMS 0x0000000083c00000, 0x0000000083c00000| Untracked 
|  60|0x0000000083c00000, 0x0000000083d00000, 0x0000000083d00000|100%| O|  |TAMS 0x0000000083d00000, 0x0000000083d00000| Untracked 
|  61|0x0000000083d00000, 0x0000000083e00000, 0x0000000083e00000|100%| O|  |TAMS 0x0000000083e00000, 0x0000000083e00000| Untracked 
|  62|0x0000000083e00000, 0x0000000083f00000, 0x0000000083f00000|100%| O|  |TAMS 0x0000000083f00000, 0x0000000083f00000| Untracked 
|  63|0x0000000083f00000, 0x0000000084000000, 0x0000000084000000|100%| O|  |TAMS 0x0000000084000000, 0x0000000084000000| Untracked 
|  64|0x0000000084000000, 0x0000000084100000, 0x0000000084100000|100%| O|  |TAMS 0x0000000084100000, 0x0000000084100000| Untracked 
|  65|0x0000000084100000, 0x0000000084200000, 0x0000000084200000|100%| O|  |TAMS 0x0000000084200000, 0x0000000084200000| Untracked 
|  66|0x0000000084200000, 0x0000000084300000, 0x0000000084300000|100%| O|  |TAMS 0x00000000842b5400, 0x0000000084300000| Untracked 
|  67|0x0000000084300000, 0x0000000084400000, 0x0000000084400000|100%| O|  |TAMS 0x0000000084300000, 0x0000000084400000| Untracked 
|  68|0x0000000084400000, 0x0000000084500000, 0x0000000084500000|100%| O|  |TAMS 0x0000000084400000, 0x0000000084500000| Untracked 
|  69|0x0000000084500000, 0x0000000084600000, 0x0000000084600000|100%| O|  |TAMS 0x0000000084500000, 0x0000000084600000| Untracked 
|  70|0x0000000084600000, 0x000000008464a800, 0x0000000084700000| 29%| O|  |TAMS 0x0000000084600000, 0x000000008464a800| Untracked 
|  71|0x0000000084700000, 0x0000000084800000, 0x0000000084800000|100%|HS|  |TAMS 0x0000000084700000, 0x0000000084700000| Complete 
|  72|0x0000000084800000, 0x0000000084800000, 0x0000000084900000|  0%| F|  |TAMS 0x0000000084800000, 0x0000000084800000| Untracked 
|  73|0x0000000084900000, 0x0000000084900000, 0x0000000084a00000|  0%| F|  |TAMS 0x0000000084900000, 0x0000000084900000| Untracked 
|  74|0x0000000084a00000, 0x0000000084a00000, 0x0000000084b00000|  0%| F|  |TAMS 0x0000000084a00000, 0x0000000084a00000| Untracked 
|  75|0x0000000084b00000, 0x0000000084b00000, 0x0000000084c00000|  0%| F|  |TAMS 0x0000000084b00000, 0x0000000084b00000| Untracked 
|  76|0x0000000084c00000, 0x0000000084c00000, 0x0000000084d00000|  0%| F|  |TAMS 0x0000000084c00000, 0x0000000084c00000| Untracked 
|  77|0x0000000084d00000, 0x0000000084d00000, 0x0000000084e00000|  0%| F|  |TAMS 0x0000000084d00000, 0x0000000084d00000| Untracked 
|  78|0x0000000084e00000, 0x0000000084e00000, 0x0000000084f00000|  0%| F|  |TAMS 0x0000000084e00000, 0x0000000084e00000| Untracked 
|  79|0x0000000084f00000, 0x0000000084f00000, 0x0000000085000000|  0%| F|  |TAMS 0x0000000084f00000, 0x0000000084f00000| Untracked 
|  80|0x0000000085000000, 0x0000000085000000, 0x0000000085100000|  0%| F|  |TAMS 0x0000000085000000, 0x0000000085000000| Untracked 
|  81|0x0000000085100000, 0x0000000085100000, 0x0000000085200000|  0%| F|  |TAMS 0x0000000085100000, 0x0000000085100000| Untracked 
|  82|0x0000000085200000, 0x0000000085200000, 0x0000000085300000|  0%| F|  |TAMS 0x0000000085200000, 0x0000000085200000| Untracked 
|  83|0x0000000085300000, 0x0000000085300000, 0x0000000085400000|  0%| F|  |TAMS 0x0000000085300000, 0x0000000085300000| Untracked 
|  84|0x0000000085400000, 0x0000000085400000, 0x0000000085500000|  0%| F|  |TAMS 0x0000000085400000, 0x0000000085400000| Untracked 
|  85|0x0000000085500000, 0x0000000085500000, 0x0000000085600000|  0%| F|  |TAMS 0x0000000085500000, 0x0000000085500000| Untracked 
|  86|0x0000000085600000, 0x0000000085600000, 0x0000000085700000|  0%| F|  |TAMS 0x0000000085600000, 0x0000000085600000| Untracked 
|  87|0x0000000085700000, 0x0000000085700000, 0x0000000085800000|  0%| F|  |TAMS 0x0000000085700000, 0x0000000085700000| Untracked 
|  88|0x0000000085800000, 0x0000000085800000, 0x0000000085900000|  0%| F|  |TAMS 0x0000000085800000, 0x0000000085800000| Untracked 
|  89|0x0000000085900000, 0x0000000085900000, 0x0000000085a00000|  0%| F|  |TAMS 0x0000000085900000, 0x0000000085900000| Untracked 
|  90|0x0000000085a00000, 0x0000000085a00000, 0x0000000085b00000|  0%| F|  |TAMS 0x0000000085a00000, 0x0000000085a00000| Untracked 
|  91|0x0000000085b00000, 0x0000000085b00000, 0x0000000085c00000|  0%| F|  |TAMS 0x0000000085b00000, 0x0000000085b00000| Untracked 
|  92|0x0000000085c00000, 0x0000000085c00000, 0x0000000085d00000|  0%| F|  |TAMS 0x0000000085c00000, 0x0000000085c00000| Untracked 
|  93|0x0000000085d00000, 0x0000000085d00000, 0x0000000085e00000|  0%| F|  |TAMS 0x0000000085d00000, 0x0000000085d00000| Untracked 
|  94|0x0000000085e00000, 0x0000000085e00000, 0x0000000085f00000|  0%| F|  |TAMS 0x0000000085e00000, 0x0000000085e00000| Untracked 
|  95|0x0000000085f00000, 0x0000000085f00000, 0x0000000086000000|  0%| F|  |TAMS 0x0000000085f00000, 0x0000000085f00000| Untracked 
|  96|0x0000000086000000, 0x0000000086000000, 0x0000000086100000|  0%| F|  |TAMS 0x0000000086000000, 0x0000000086000000| Untracked 
|  97|0x0000000086100000, 0x0000000086100000, 0x0000000086200000|  0%| F|  |TAMS 0x0000000086100000, 0x0000000086100000| Untracked 
|  98|0x0000000086200000, 0x0000000086200000, 0x0000000086300000|  0%| F|  |TAMS 0x0000000086200000, 0x0000000086200000| Untracked 
|  99|0x0000000086300000, 0x0000000086300000, 0x0000000086400000|  0%| F|  |TAMS 0x0000000086300000, 0x0000000086300000| Untracked 
| 100|0x0000000086400000, 0x0000000086400000, 0x0000000086500000|  0%| F|  |TAMS 0x0000000086400000, 0x0000000086400000| Untracked 
| 101|0x0000000086500000, 0x0000000086500000, 0x0000000086600000|  0%| F|  |TAMS 0x0000000086500000, 0x0000000086500000| Untracked 
| 102|0x0000000086600000, 0x0000000086600000, 0x0000000086700000|  0%| F|  |TAMS 0x0000000086600000, 0x0000000086600000| Untracked 
| 103|0x0000000086700000, 0x0000000086700000, 0x0000000086800000|  0%| F|  |TAMS 0x0000000086700000, 0x0000000086700000| Untracked 
| 104|0x0000000086800000, 0x00000000868d41b0, 0x0000000086900000| 82%| S|CS|TAMS 0x0000000086800000, 0x0000000086800000| Complete 
| 105|0x0000000086900000, 0x0000000086a00000, 0x0000000086a00000|100%| S|CS|TAMS 0x0000000086900000, 0x0000000086900000| Complete 
| 106|0x0000000086a00000, 0x0000000086a00000, 0x0000000086b00000|  0%| F|  |TAMS 0x0000000086a00000, 0x0000000086a00000| Untracked 
| 107|0x0000000086b00000, 0x0000000086b00000, 0x0000000086c00000|  0%| F|  |TAMS 0x0000000086b00000, 0x0000000086b00000| Untracked 
| 108|0x0000000086c00000, 0x0000000086c00000, 0x0000000086d00000|  0%| F|  |TAMS 0x0000000086c00000, 0x0000000086c00000| Untracked 
| 109|0x0000000086d00000, 0x0000000086d00000, 0x0000000086e00000|  0%| F|  |TAMS 0x0000000086d00000, 0x0000000086d00000| Untracked 
| 110|0x0000000086e00000, 0x0000000086e00000, 0x0000000086f00000|  0%| F|  |TAMS 0x0000000086e00000, 0x0000000086e00000| Untracked 
| 111|0x0000000086f00000, 0x0000000086f00000, 0x0000000087000000|  0%| F|  |TAMS 0x0000000086f00000, 0x0000000086f00000| Untracked 
| 112|0x0000000087000000, 0x0000000087000000, 0x0000000087100000|  0%| F|  |TAMS 0x0000000087000000, 0x0000000087000000| Untracked 
| 113|0x0000000087100000, 0x0000000087100000, 0x0000000087200000|  0%| F|  |TAMS 0x0000000087100000, 0x0000000087100000| Untracked 
| 114|0x0000000087200000, 0x0000000087200000, 0x0000000087300000|  0%| F|  |TAMS 0x0000000087200000, 0x0000000087200000| Untracked 
| 115|0x0000000087300000, 0x0000000087300000, 0x0000000087400000|  0%| F|  |TAMS 0x0000000087300000, 0x0000000087300000| Untracked 
| 116|0x0000000087400000, 0x0000000087400000, 0x0000000087500000|  0%| F|  |TAMS 0x0000000087400000, 0x0000000087400000| Untracked 
| 117|0x0000000087500000, 0x0000000087500000, 0x0000000087600000|  0%| F|  |TAMS 0x0000000087500000, 0x0000000087500000| Untracked 
| 118|0x0000000087600000, 0x0000000087600000, 0x0000000087700000|  0%| F|  |TAMS 0x0000000087600000, 0x0000000087600000| Untracked 
| 119|0x0000000087700000, 0x0000000087700000, 0x0000000087800000|  0%| F|  |TAMS 0x0000000087700000, 0x0000000087700000| Untracked 
| 120|0x0000000087800000, 0x0000000087800000, 0x0000000087900000|  0%| F|  |TAMS 0x0000000087800000, 0x0000000087800000| Untracked 
| 121|0x0000000087900000, 0x0000000087900000, 0x0000000087a00000|  0%| F|  |TAMS 0x0000000087900000, 0x0000000087900000| Untracked 
| 122|0x0000000087a00000, 0x0000000087a00000, 0x0000000087b00000|  0%| F|  |TAMS 0x0000000087a00000, 0x0000000087a00000| Untracked 
| 123|0x0000000087b00000, 0x0000000087b80800, 0x0000000087c00000| 50%| E|  |TAMS 0x0000000087b00000, 0x0000000087b00000| Complete 
| 124|0x0000000087c00000, 0x0000000087d00000, 0x0000000087d00000|100%| E|CS|TAMS 0x0000000087c00000, 0x0000000087c00000| Complete 
| 125|0x0000000087d00000, 0x0000000087e00000, 0x0000000087e00000|100%| E|CS|TAMS 0x0000000087d00000, 0x0000000087d00000| Complete 

Card table byte_map: [0x000002863dc00000,0x000002863e000000] _byte_map_base: 0x000002863d800000

Marking Bits (Prev, Next): (CMBitMap*) 0x000002862a449e90, (CMBitMap*) 0x000002862a449e58
 Prev Bits: [0x0000028640400000, 0x0000028642400000)
 Next Bits: [0x000002863e400000, 0x0000028640400000)

Polling page: 0x0000028628b10000

Metaspace:

Usage:
  Non-class:     52.49 MB capacity,    51.40 MB ( 98%) used,   971.72 KB (  2%) free+waste,   143.25 KB ( <1%) overhead. 
      Class:      8.05 MB capacity,     7.50 MB ( 93%) used,   502.19 KB (  6%) free+waste,    68.38 KB ( <1%) overhead. 
       Both:     60.54 MB capacity,    58.89 MB ( 97%) used,     1.44 MB (  2%) free+waste,   211.63 KB ( <1%) overhead. 

Virtual space:
  Non-class space:       54.00 MB reserved,      52.57 MB ( 97%) committed 
      Class space:        1.00 GB reserved,       8.13 MB ( <1%) committed 
             Both:        1.05 GB reserved,      60.70 MB (  6%) committed 

Chunk freelists:
   Non-Class:  23.00 KB
       Class:  9.00 KB
        Both:  32.00 KB

MaxMetaspaceSize: 17179869184.00 GB
CompressedClassSpaceSize: 1.00 GB

CodeHeap 'non-profiled nmethods': size=120000Kb used=3629Kb max_used=3629Kb free=116370Kb
 bounds [0x0000028635860000, 0x0000028635bf0000, 0x000002863cd90000]
CodeHeap 'profiled nmethods': size=120000Kb used=11722Kb max_used=11722Kb free=108277Kb
 bounds [0x000002862e330000, 0x000002862eeb0000, 0x0000028635860000]
CodeHeap 'non-nmethods': size=5760Kb used=2240Kb max_used=2329Kb free=3519Kb
 bounds [0x000002862dd90000, 0x000002862e000000, 0x000002862e330000]
 total_blobs=6258 nmethods=5434 adapters=734
 compilation: enabled
              stopped_count=0, restarted_count=0
 full_count=0

Compilation events (20 events):
Event: 9.658 Thread 0x0000028645733800 5670       3       org.gradle.api.internal.collections.AbstractIterationOrderRetainingElementSource::<init> (27 bytes)
Event: 9.659 Thread 0x0000028645733800 nmethod 5670 0x000002862ee7cc10 code [0x000002862ee7ce40, 0x000002862ee7d718]
Event: 9.659 Thread 0x0000028645733800 5671       3       org.gradle.api.internal.project.DefaultProjectStateRegistry$CalculatedModelValueImpl::get (41 bytes)
Event: 9.659 Thread 0x0000028645733800 nmethod 5671 0x000002862ee7da10 code [0x000002862ee7dca0, 0x000002862ee7e728]
Event: 9.659 Thread 0x0000028645733800 5672       3       org.gradle.api.internal.artifacts.configurations.DefaultConfiguration::validateMutation (16 bytes)
Event: 9.660 Thread 0x0000028645733800 nmethod 5672 0x000002862ee7eb10 code [0x000002862ee7ece0, 0x000002862ee7ef58]
Event: 9.660 Thread 0x0000028645733800 5674       3       org.gradle.api.internal.DefaultNamedDomainObjectCollection$UnfilteredIndex::get (11 bytes)
Event: 9.660 Thread 0x0000028645733800 nmethod 5674 0x000002862ee7f090 code [0x000002862ee7f240, 0x000002862ee7f408]
Event: 9.660 Thread 0x0000028645733800 5673       1       com.android.build.gradle.internal.api.DefaultAndroidSourceSet::getName (5 bytes)
Event: 9.660 Thread 0x0000028645733800 nmethod 5673 0x0000028635be7990 code [0x0000028635be7b40, 0x0000028635be7bf8]
Event: 9.660 Thread 0x0000028645733800 5675       3       org.gradle.internal.operations.DefaultBuildOperationRunner::getCurrentBuildOperation (11 bytes)
Event: 9.660 Thread 0x0000028645733800 nmethod 5675 0x000002862ee7f510 code [0x000002862ee7f6e0, 0x000002862ee7fae8]
Event: 9.660 Thread 0x0000028645733800 5676   !   3       org.gradle.internal.operations.UnmanagedBuildOperationWrapper::maybeStopUnmanagedThreadOperation (75 bytes)
Event: 9.661 Thread 0x0000028649264000 nmethod 5635 0x0000028635be7c90 code [0x0000028635be7ee0, 0x0000028635be8650]
Event: 9.661 Thread 0x0000028649264000 5639       4       java.nio.HeapByteBuffer::getShort (25 bytes)
Event: 9.661 Thread 0x0000028645733800 nmethod 5676 0x000002862ee7fc10 code [0x000002862ee7fe80, 0x000002862ee80b58]
Event: 9.661 Thread 0x0000028645733800 5677   !   3       jdk.internal.reflect.GeneratedConstructorAccessor18::newInstance (61 bytes)
Event: 9.662 Thread 0x0000028649264000 nmethod 5639 0x0000028635be8f10 code [0x0000028635be90a0, 0x0000028635be9178]
Event: 9.662 Thread 0x0000028645733800 nmethod 5677 0x000002862ee81090 code [0x000002862ee813a0, 0x000002862ee825c8]
Event: 9.662 Thread 0x0000028649264000 5636       4       org.gradle.internal.reflect.PropertyAccessorType::isSetterName (23 bytes)

GC Heap History (20 events):
Event: 3.021 GC heap before
{Heap before GC invocations=1 (full 0):
 garbage-first heap   total 129024K, used 81665K [0x0000000080000000, 0x0000000100000000)
  region size 1024K, 75 young (76800K), 3 survivors (3072K)
 Metaspace       used 18328K, capacity 18763K, committed 19072K, reserved 1067008K
  class space    used 2195K, capacity 2339K, committed 2432K, reserved 1048576K
}
Event: 3.047 GC heap after
{Heap after GC invocations=2 (full 0):
 garbage-first heap   total 129024K, used 15640K [0x0000000080000000, 0x0000000100000000)
  region size 1024K, 10 young (10240K), 10 survivors (10240K)
 Metaspace       used 18328K, capacity 18763K, committed 19072K, reserved 1067008K
  class space    used 2195K, capacity 2339K, committed 2432K, reserved 1048576K
}
Event: 3.263 GC heap before
{Heap before GC invocations=2 (full 0):
 garbage-first heap   total 129024K, used 31000K [0x0000000080000000, 0x0000000100000000)
  region size 1024K, 26 young (26624K), 10 survivors (10240K)
 Metaspace       used 20572K, capacity 21139K, committed 21296K, reserved 1069056K
  class space    used 2516K, capacity 2688K, committed 2688K, reserved 1048576K
}
Event: 3.270 GC heap after
{Heap after GC invocations=3 (full 0):
 garbage-first heap   total 129024K, used 16813K [0x0000000080000000, 0x0000000100000000)
  region size 1024K, 1 young (1024K), 1 survivors (1024K)
 Metaspace       used 20572K, capacity 21139K, committed 21296K, reserved 1069056K
  class space    used 2516K, capacity 2688K, committed 2688K, reserved 1048576K
}
Event: 4.417 GC heap before
{Heap before GC invocations=4 (full 0):
 garbage-first heap   total 129024K, used 80301K [0x0000000080000000, 0x0000000100000000)
  region size 1024K, 55 young (56320K), 1 survivors (1024K)
 Metaspace       used 26188K, capacity 26933K, committed 27184K, reserved 1073152K
  class space    used 3410K, capacity 3651K, committed 3712K, reserved 1048576K
}
Event: 4.421 GC heap after
{Heap after GC invocations=5 (full 0):
 garbage-first heap   total 129024K, used 30267K [0x0000000080000000, 0x0000000100000000)
  region size 1024K, 6 young (6144K), 6 survivors (6144K)
 Metaspace       used 26188K, capacity 26933K, committed 27184K, reserved 1073152K
  class space    used 3410K, capacity 3651K, committed 3712K, reserved 1048576K
}
Event: 5.297 GC heap before
{Heap before GC invocations=5 (full 0):
 garbage-first heap   total 129024K, used 82491K [0x0000000080000000, 0x0000000100000000)
  region size 1024K, 58 young (59392K), 6 survivors (6144K)
 Metaspace       used 34714K, capacity 35580K, committed 35708K, reserved 1081344K
  class space    used 4512K, capacity 4864K, committed 4864K, reserved 1048576K
}
Event: 5.307 GC heap after
{Heap after GC invocations=6 (full 0):
 garbage-first heap   total 129024K, used 34215K [0x0000000080000000, 0x0000000100000000)
  region size 1024K, 4 young (4096K), 4 survivors (4096K)
 Metaspace       used 34714K, capacity 35580K, committed 35708K, reserved 1081344K
  class space    used 4512K, capacity 4864K, committed 4864K, reserved 1048576K
}
Event: 6.232 GC heap before
{Heap before GC invocations=7 (full 0):
 garbage-first heap   total 129024K, used 98727K [0x0000000080000000, 0x0000000100000000)
  region size 1024K, 58 young (59392K), 4 survivors (4096K)
 Metaspace       used 40376K, capacity 41445K, committed 41544K, reserved 1085440K
  class space    used 5176K, capacity 5561K, committed 5632K, reserved 1048576K
}
Event: 6.238 GC heap after
{Heap after GC invocations=8 (full 0):
 garbage-first heap   total 129024K, used 47266K [0x0000000080000000, 0x0000000100000000)
  region size 1024K, 8 young (8192K), 8 survivors (8192K)
 Metaspace       used 40376K, capacity 41445K, committed 41544K, reserved 1085440K
  class space    used 5176K, capacity 5561K, committed 5632K, reserved 1048576K
}
Event: 7.032 GC heap before
{Heap before GC invocations=8 (full 0):
 garbage-first heap   total 129024K, used 94370K [0x0000000080000000, 0x0000000100000000)
  region size 1024K, 54 young (55296K), 8 survivors (8192K)
 Metaspace       used 44259K, capacity 45416K, committed 45640K, reserved 1089536K
  class space    used 5666K, capacity 6048K, committed 6144K, reserved 1048576K
}
Event: 7.038 GC heap after
{Heap after GC invocations=9 (full 0):
 garbage-first heap   total 129024K, used 51003K [0x0000000080000000, 0x0000000100000000)
  region size 1024K, 4 young (4096K), 4 survivors (4096K)
 Metaspace       used 44259K, capacity 45416K, committed 45640K, reserved 1089536K
  class space    used 5666K, capacity 6048K, committed 6144K, reserved 1048576K
}
Event: 7.797 GC heap before
{Heap before GC invocations=9 (full 0):
 garbage-first heap   total 129024K, used 97083K [0x0000000080000000, 0x0000000100000000)
  region size 1024K, 49 young (50176K), 4 survivors (4096K)
 Metaspace       used 46879K, capacity 48153K, committed 48328K, reserved 1091584K
  class space    used 6016K, capacity 6443K, committed 6528K, reserved 1048576K
}
Event: 7.801 GC heap after
{Heap after GC invocations=10 (full 0):
 garbage-first heap   total 129024K, used 53338K [0x0000000080000000, 0x0000000100000000)
  region size 1024K, 6 young (6144K), 6 survivors (6144K)
 Metaspace       used 46879K, capacity 48153K, committed 48328K, reserved 1091584K
  class space    used 6016K, capacity 6443K, committed 6528K, reserved 1048576K
}
Event: 8.344 GC heap before
{Heap before GC invocations=10 (full 0):
 garbage-first heap   total 129024K, used 104538K [0x0000000080000000, 0x0000000100000000)
  region size 1024K, 51 young (52224K), 6 survivors (6144K)
 Metaspace       used 49278K, capacity 50816K, committed 50888K, reserved 1093632K
  class space    used 6293K, capacity 6772K, committed 6784K, reserved 1048576K
}
Event: 8.351 GC heap after
{Heap after GC invocations=11 (full 0):
 garbage-first heap   total 129024K, used 68280K [0x0000000080000000, 0x0000000100000000)
  region size 1024K, 7 young (7168K), 7 survivors (7168K)
 Metaspace       used 49278K, capacity 50816K, committed 50888K, reserved 1093632K
  class space    used 6293K, capacity 6772K, committed 6784K, reserved 1048576K
}
Event: 8.732 GC heap before
{Heap before GC invocations=11 (full 0):
 garbage-first heap   total 129024K, used 101048K [0x0000000080000000, 0x0000000100000000)
  region size 1024K, 39 young (39936K), 7 survivors (7168K)
 Metaspace       used 53876K, capacity 55479K, committed 55624K, reserved 1097728K
  class space    used 6885K, capacity 7409K, committed 7424K, reserved 1048576K
}
Event: 8.736 GC heap after
{Heap after GC invocations=12 (full 0):
 garbage-first heap   total 129024K, used 69683K [0x0000000080000000, 0x0000000100000000)
  region size 1024K, 2 young (2048K), 2 survivors (2048K)
 Metaspace       used 53876K, capacity 55479K, committed 55624K, reserved 1097728K
  class space    used 6885K, capacity 7409K, committed 7424K, reserved 1048576K
}
Event: 9.179 GC heap before
{Heap before GC invocations=13 (full 0):
 garbage-first heap   total 129024K, used 101427K [0x0000000080000000, 0x0000000100000000)
  region size 1024K, 34 young (34816K), 2 survivors (2048K)
 Metaspace       used 58100K, capacity 59758K, committed 59848K, reserved 1101824K
  class space    used 7416K, capacity 8003K, committed 8064K, reserved 1048576K
}
Event: 9.182 GC heap after
{Heap after GC invocations=14 (full 0):
 garbage-first heap   total 129024K, used 72107K [0x0000000080000000, 0x0000000100000000)
  region size 1024K, 4 young (4096K), 4 survivors (4096K)
 Metaspace       used 58100K, capacity 59758K, committed 59848K, reserved 1101824K
  class space    used 7416K, capacity 8003K, committed 8064K, reserved 1048576K
}

Deoptimization events (20 events):
Event: 9.207 Thread 0x0000028646f15000 Uncommon trap: trap_request=0xffffffc6 fr.pc=0x0000028635b364ec relative=0x000000000000090c
Event: 9.207 Thread 0x0000028646f15000 Uncommon trap: reason=bimorphic_or_optimized_type_check action=maybe_recompile pc=0x0000028635b364ec method=java.util.regex.Pattern$Start.match(Ljava/util/regex/Matcher;ILjava/lang/CharSequence;)Z @ 44 c2
Event: 9.207 Thread 0x0000028646f15000 DEOPT PACKING pc=0x0000028635b364ec sp=0x0000009bf43f7c50
Event: 9.207 Thread 0x0000028646f15000 DEOPT UNPACKING pc=0x000002862ddb74af sp=0x0000009bf43f7bc0 mode 2
Event: 9.207 Thread 0x0000028646f15000 Uncommon trap: trap_request=0xffffffc6 fr.pc=0x0000028635b364ec relative=0x000000000000090c
Event: 9.207 Thread 0x0000028646f15000 Uncommon trap: reason=bimorphic_or_optimized_type_check action=maybe_recompile pc=0x0000028635b364ec method=java.util.regex.Pattern$Start.match(Ljava/util/regex/Matcher;ILjava/lang/CharSequence;)Z @ 44 c2
Event: 9.207 Thread 0x0000028646f15000 DEOPT PACKING pc=0x0000028635b364ec sp=0x0000009bf43f7c50
Event: 9.207 Thread 0x0000028646f15000 DEOPT UNPACKING pc=0x000002862ddb74af sp=0x0000009bf43f7bc0 mode 2
Event: 9.219 Thread 0x0000028646f15000 Uncommon trap: trap_request=0xffffffc6 fr.pc=0x0000028635b364ec relative=0x000000000000090c
Event: 9.219 Thread 0x0000028646f15000 Uncommon trap: reason=bimorphic_or_optimized_type_check action=maybe_recompile pc=0x0000028635b364ec method=java.util.regex.Pattern$Start.match(Ljava/util/regex/Matcher;ILjava/lang/CharSequence;)Z @ 44 c2
Event: 9.219 Thread 0x0000028646f15000 DEOPT PACKING pc=0x0000028635b364ec sp=0x0000009bf43f7c50
Event: 9.219 Thread 0x0000028646f15000 DEOPT UNPACKING pc=0x000002862ddb74af sp=0x0000009bf43f7bc0 mode 2
Event: 9.222 Thread 0x0000028646f15000 Uncommon trap: trap_request=0xffffffc6 fr.pc=0x0000028635b364ec relative=0x000000000000090c
Event: 9.222 Thread 0x0000028646f15000 Uncommon trap: reason=bimorphic_or_optimized_type_check action=maybe_recompile pc=0x0000028635b364ec method=java.util.regex.Pattern$Start.match(Ljava/util/regex/Matcher;ILjava/lang/CharSequence;)Z @ 44 c2
Event: 9.222 Thread 0x0000028646f15000 DEOPT PACKING pc=0x0000028635b364ec sp=0x0000009bf43f7c20
Event: 9.222 Thread 0x0000028646f15000 DEOPT UNPACKING pc=0x000002862ddb74af sp=0x0000009bf43f7b90 mode 2
Event: 9.635 Thread 0x0000028646f15000 Uncommon trap: trap_request=0xffffff4d fr.pc=0x0000028635b7f720 relative=0x0000000000000340
Event: 9.635 Thread 0x0000028646f15000 Uncommon trap: reason=unstable_if action=reinterpret pc=0x0000028635b7f720 method=org.gradle.internal.reflect.PropertyAccessorType.of(Ljava/lang/reflect/Method;)Lorg/gradle/internal/reflect/PropertyAccessorType; @ 56 c2
Event: 9.635 Thread 0x0000028646f15000 DEOPT PACKING pc=0x0000028635b7f720 sp=0x0000009bf43f8050
Event: 9.635 Thread 0x0000028646f15000 DEOPT UNPACKING pc=0x000002862ddb74af sp=0x0000009bf43f8010 mode 2

Classes redefined (0 events):
No events

Internal exceptions (20 events):
Event: 8.107 Thread 0x0000028646f15000 Exception <a 'java/lang/ClassNotFoundException'{0x00000000862dc020}: org/gradle/api/DefaultTaskCustomizer> (0x00000000862dc020) thrown at [./src/hotspot/share/classfile/systemDictionary.cpp, line 231]
Event: 8.110 Thread 0x0000028646f15000 Exception <a 'java/lang/ClassNotFoundException'{0x0000000086157000}: org/gradle/api/internal/ConventionTaskCustomizer> (0x0000000086157000) thrown at [./src/hotspot/share/classfile/systemDictionary.cpp, line 231]
Event: 8.111 Thread 0x0000028646f15000 Exception <a 'java/lang/ClassNotFoundException'{0x0000000086189450}: org/gradle/api/tasks/DeleteCustomizer> (0x0000000086189450) thrown at [./src/hotspot/share/classfile/systemDictionary.cpp, line 231]
Event: 8.112 Thread 0x0000028646f15000 Exception <a 'java/lang/ClassNotFoundException'{0x00000000861c2090}: org/gradle/api/tasks/Delete_DecoratedCustomizer> (0x00000000861c2090) thrown at [./src/hotspot/share/classfile/systemDictionary.cpp, line 231]
Event: 8.145 Thread 0x0000028646f15000 Exception <a 'java/lang/ClassNotFoundException'{0x00000000860e2f90}: build_ca52xcyb3ud6tkrrgtiidl5d0BeanInfo> (0x00000000860e2f90) thrown at [./src/hotspot/share/classfile/systemDictionary.cpp, line 231]
Event: 8.145 Thread 0x0000028646f15000 Exception <a 'java/lang/ClassNotFoundException'{0x00000000860ebd98}: build_ca52xcyb3ud6tkrrgtiidl5d0Customizer> (0x00000000860ebd98) thrown at [./src/hotspot/share/classfile/systemDictionary.cpp, line 231]
Event: 8.152 Thread 0x0000028646f15000 Exception <a 'java/lang/ClassNotFoundException'{0x0000000085f60380}: org/gradle/plugin/use/internal/PluginRequestCollector$PluginDependenciesSpecImplBeanInfo> (0x0000000085f60380) thrown at [./src/hotspot/share/classfile/systemDictionary.cpp, line 231]
Event: 8.152 Thread 0x0000028646f15000 Exception <a 'java/lang/ClassNotFoundException'{0x0000000085f86380}: org/gradle/plugin/use/internal/PluginRequestCollector$PluginDependenciesSpecImplCustomizer> (0x0000000085f86380) thrown at [./src/hotspot/share/classfile/systemDictionary.cpp, line 231]
Event: 8.157 Thread 0x0000028646f15000 Exception <a 'java/lang/NoSuchMethodError'{0x0000000085fffb70}: 'void java.lang.invoke.DirectMethodHandle$Holder.invokeInterface(java.lang.Object, java.lang.Object)'> (0x0000000085fffb70) thrown at [./src/hotspot/share/interpreter/linkResolver.cpp, line 773]
Event: 8.302 Thread 0x0000028646f15000 Exception <a 'java/lang/NoSuchMethodError'{0x00000000854efd50}: 'java.lang.Object java.lang.invoke.DirectMethodHandle$Holder.invokeStatic(java.lang.Object, java.lang.Object, java.lang.Object, java.lang.Object, int)'> (0x00000000854efd50) thrown at [./src/hotspot/share/interpreter/linkResolver.cpp, line 773]
Event: 8.302 Thread 0x0000028646f15000 Exception <a 'java/lang/NoSuchMethodError'{0x00000000854f4748}: 'java.lang.Object java.lang.invoke.DirectMethodHandle$Holder.invokeSpecial(java.lang.Object, java.lang.Object, java.lang.Object, java.lang.Object, java.lang.Object, int)'> (0x00000000854f4748) thrown at [./src/hotspot/share/interpreter/linkResolver.cpp, line 773]
Event: 8.302 Thread 0x0000028646f15000 Exception <a 'java/lang/NoSuchMethodError'{0x00000000854f8d88}: 'java.lang.Object java.lang.invoke.Invokers$Holder.linkToTargetMethod(java.lang.Object, java.lang.Object, java.lang.Object, int, java.lang.Object)'> (0x00000000854f8d88) thrown at [./src/hotspot/share/interpreter/linkResolver.cpp, line 773]
Event: 8.552 Thread 0x0000028646f15000 Exception <a 'java/lang/NoSuchMethodError'{0x0000000086dcd010}: 'java.lang.Object java.lang.invoke.DirectMethodHandle$Holder.invokeSpecial(java.lang.Object, java.lang.Object, int, int, java.lang.Object, java.lang.Object, java.lang.Object)'> (0x0000000086dcd010) thrown at [./src/hotspot/share/interpreter/linkResolver.cpp, line 773]
Event: 8.553 Thread 0x0000028646f15000 Exception <a 'java/lang/NoSuchMethodError'{0x0000000086dd1590}: 'java.lang.Object java.lang.invoke.DelegatingMethodHandle$Holder.reinvoke_L(java.lang.Object, int, int, java.lang.Object, java.lang.Object, java.lang.Object)'> (0x0000000086dd1590) thrown at [./src/hotspot/share/interpreter/linkResolver.cpp, line 773]
Event: 8.707 Thread 0x0000028646f15000 Exception <a 'java/lang/NoSuchMethodError'{0x0000000085f11140}: 'int java.lang.invoke.DirectMethodHandle$Holder.invokeInterface(java.lang.Object, java.lang.Object, java.lang.Object, java.lang.Object)'> (0x0000000085f11140) thrown at [./src/hotspot/share/interpreter/linkResolver.cpp, line 773]
Event: 8.872 Thread 0x0000028646f15000 Exception <a 'java/lang/NoSuchMethodError'{0x0000000087616a78}: 'void java.lang.invoke.DirectMethodHandle$Holder.invokeInterface(java.lang.Object, java.lang.Object, java.lang.Object, java.lang.Object)'> (0x0000000087616a78) thrown at [./src/hotspot/share/interpreter/linkResolver.cpp, line 773]
Event: 8.981 Thread 0x0000028646f15000 Exception <a 'java/lang/IncompatibleClassChangeError'{0x0000000086f50580}: Found class java.lang.Object, but interface was expected> (0x0000000086f50580) thrown at [./src/hotspot/share/interpreter/linkResolver.cpp, line 839]
Event: 9.003 Thread 0x0000028646f15000 Exception <a 'java/lang/NoSuchMethodError'{0x0000000086fec058}: 'void java.lang.invoke.DirectMethodHandle$Holder.invokeStatic(java.lang.Object, java.lang.Object, java.lang.Object, java.lang.Object, java.lang.Object)'> (0x0000000086fec058) thrown at [./src/hotspot/share/interpreter/linkResolver.cpp, line 773]
Event: 9.038 Thread 0x0000028646f15000 Implicit null exception at 0x0000028635abe1d4 to 0x0000028635abe3b8
Event: 9.101 Thread 0x0000028646f15000 Implicit null exception at 0x0000028635955b0b to 0x0000028635955be4

Events (20 events):
Event: 9.647 loading class com/google/common/base/Joiner$1
Event: 9.647 loading class com/google/common/base/Joiner$1 done
Event: 9.647 loading class com/google/common/base/Joiner$2
Event: 9.647 loading class com/google/common/base/Joiner$2 done
Event: 9.648 loading class kotlin/_Assertions
Event: 9.648 loading class kotlin/_Assertions done
Event: 9.648 loading class kotlin/_Assertions
Event: 9.648 loading class kotlin/_Assertions done
Event: 9.648 loading class com/android/build/gradle/internal/core/VariantDslInfoBuilder
Event: 9.648 loading class com/android/build/gradle/internal/core/VariantDslInfoBuilder done
Event: 9.650 loading class com/android/build/gradle/internal/core/VariantDslInfoBuilder$Companion
Event: 9.650 loading class com/android/build/gradle/internal/core/VariantDslInfoBuilder$Companion done
Event: 9.653 loading class com/android/build/gradle/internal/BuildTypeData
Event: 9.653 loading class com/android/build/gradle/internal/BuildTypeData done
Event: 9.661 loading class com/android/build/gradle/internal/plugins/BasePlugin
Event: 9.661 loading class com/android/build/gradle/internal/plugins/BasePlugin done
Event: 9.661 loading class com/android/build/gradle/internal/plugins/BasePlugin
Event: 9.661 loading class com/android/build/gradle/internal/plugins/BasePlugin done
Event: 9.661 loading class org/gradle/api/UnknownTaskException
Event: 9.661 loading class org/gradle/api/UnknownTaskException done


Dynamic libraries:
0x00007ff6cee50000 - 0x00007ff6cee5a000 	C:\Program Files\Android\Android Studio\jre\bin\java.exe
0x00007ffb66c50000 - 0x00007ffb66e45000 	C:\WINDOWS\SYSTEM32\ntdll.dll
0x00007ffb65ef0000 - 0x00007ffb65fae000 	C:\WINDOWS\System32\KERNEL32.DLL
0x00007ffb646e0000 - 0x00007ffb649a9000 	C:\WINDOWS\System32\KERNELBASE.dll
0x00007ffb64370000 - 0x00007ffb64470000 	C:\WINDOWS\System32\ucrtbase.dll
0x00007ffb5af70000 - 0x00007ffb5af89000 	C:\Program Files\Android\Android Studio\jre\bin\jli.dll
0x00007ffb653e0000 - 0x00007ffb65581000 	C:\WINDOWS\System32\USER32.dll
0x00007ffb42930000 - 0x00007ffb42947000 	C:\Program Files\Android\Android Studio\jre\bin\VCRUNTIME140.dll
0x00007ffb644a0000 - 0x00007ffb644c2000 	C:\WINDOWS\System32\win32u.dll
0x00007ffb50a40000 - 0x00007ffb50cda000 	C:\WINDOWS\WinSxS\amd64_microsoft.windows.common-controls_6595b64144ccf1df_6.0.19041.1110_none_60b5254171f9507e\COMCTL32.dll
0x00007ffb663c0000 - 0x00007ffb663eb000 	C:\WINDOWS\System32\GDI32.dll
0x00007ffb64b00000 - 0x00007ffb64c0b000 	C:\WINDOWS\System32\gdi32full.dll
0x00007ffb66990000 - 0x00007ffb66a2e000 	C:\WINDOWS\System32\msvcrt.dll
0x00007ffb649b0000 - 0x00007ffb64a4d000 	C:\WINDOWS\System32\msvcp_win.dll
0x00007ffb65d40000 - 0x00007ffb65d70000 	C:\WINDOWS\System32\IMM32.DLL
0x00007ffb35a60000 - 0x00007ffb35afd000 	C:\Program Files\Android\Android Studio\jre\bin\msvcp140.dll
0x00007ffb2d2e0000 - 0x00007ffb2dd9c000 	C:\Program Files\Android\Android Studio\jre\bin\server\jvm.dll
0x00007ffb66a30000 - 0x00007ffb66adc000 	C:\WINDOWS\System32\ADVAPI32.dll
0x00007ffb660f0000 - 0x00007ffb6618b000 	C:\WINDOWS\System32\sechost.dll
0x00007ffb65fb0000 - 0x00007ffb660da000 	C:\WINDOWS\System32\RPCRT4.dll
0x00007ffb658b0000 - 0x00007ffb658b8000 	C:\WINDOWS\System32\PSAPI.DLL
0x00007ffb4c680000 - 0x00007ffb4c689000 	C:\WINDOWS\SYSTEM32\WSOCK32.dll
0x00007ffb5b9e0000 - 0x00007ffb5b9ea000 	C:\WINDOWS\SYSTEM32\VERSION.dll
0x00007ffb66920000 - 0x00007ffb6698b000 	C:\WINDOWS\System32\WS2_32.dll
0x00007ffb51e70000 - 0x00007ffb51e97000 	C:\WINDOWS\SYSTEM32\WINMM.dll
0x00007ffb62bf0000 - 0x00007ffb62c02000 	C:\WINDOWS\SYSTEM32\kernel.appcore.dll
0x00007ffb45640000 - 0x00007ffb45651000 	C:\Program Files\Android\Android Studio\jre\bin\verify.dll
0x00007ffb62920000 - 0x00007ffb62b04000 	C:\WINDOWS\SYSTEM32\DBGHELP.DLL
0x00007ffb4c650000 - 0x00007ffb4c67c000 	C:\WINDOWS\SYSTEM32\dbgcore.DLL
0x00007ffb64c10000 - 0x00007ffb64c93000 	C:\WINDOWS\System32\bcryptPrimitives.dll
0x00007ffb45610000 - 0x00007ffb45639000 	C:\Program Files\Android\Android Studio\jre\bin\java.dll
0x00007ffb5f930000 - 0x00007ffb5f93b000 	C:\Program Files\Android\Android Studio\jre\bin\jimage.dll
0x00007ffb455f0000 - 0x00007ffb45608000 	C:\Program Files\Android\Android Studio\jre\bin\zip.dll
0x00007ffb64ca0000 - 0x00007ffb653df000 	C:\WINDOWS\System32\SHELL32.dll
0x00007ffb620c0000 - 0x00007ffb62850000 	C:\WINDOWS\SYSTEM32\windows.storage.dll
0x00007ffb66410000 - 0x00007ffb66765000 	C:\WINDOWS\System32\combase.dll
0x00007ffb63dc0000 - 0x00007ffb63dec000 	C:\WINDOWS\SYSTEM32\Wldp.dll
0x00007ffb65740000 - 0x00007ffb657ed000 	C:\WINDOWS\System32\SHCORE.dll
0x00007ffb662d0000 - 0x00007ffb66325000 	C:\WINDOWS\System32\shlwapi.dll
0x00007ffb642b0000 - 0x00007ffb642cf000 	C:\WINDOWS\SYSTEM32\profapi.dll
0x00007ffb455d0000 - 0x00007ffb455ea000 	C:\Program Files\Android\Android Studio\jre\bin\net.dll
0x00007ffb5add0000 - 0x00007ffb5aed8000 	C:\WINDOWS\SYSTEM32\WINHTTP.dll
0x00007ffb63b20000 - 0x00007ffb63b8a000 	C:\WINDOWS\system32\mswsock.dll
0x00007ffb455b0000 - 0x00007ffb455c4000 	C:\Program Files\Android\Android Studio\jre\bin\nio.dll
0x00007ffb42980000 - 0x00007ffb429a7000 	C:\Users\NIMESH\AndroidStudioProjects\RTOGujarati\.gradle\native\fdc75f09e3144964f2cf3f50f0aa648679c211496f362492102eb8c894070792\windows-amd64\native-platform.dll
0x00007ffb35b00000 - 0x00007ffb35c96000 	C:\Users\NIMESH\AndroidStudioProjects\RTOGujarati\.gradle\native\12488b8bf47d2d4c9fbf2f6322a914ad602e24e48041cd04a747c6da556b65c4\windows-amd64\native-platform-file-events.dll
0x00007ffb5ace0000 - 0x00007ffb5acea000 	C:\Program Files\Android\Android Studio\jre\bin\management.dll
0x00007ffb49740000 - 0x00007ffb4974c000 	C:\Program Files\Android\Android Studio\jre\bin\management_ext.dll
0x00007ffb63d10000 - 0x00007ffb63d28000 	C:\WINDOWS\SYSTEM32\CRYPTSP.dll
0x00007ffb63430000 - 0x00007ffb63464000 	C:\WINDOWS\system32\rsaenh.dll
0x00007ffb64470000 - 0x00007ffb64497000 	C:\WINDOWS\System32\bcrypt.dll
0x00007ffb64230000 - 0x00007ffb6425e000 	C:\WINDOWS\SYSTEM32\USERENV.dll
0x00007ffb63d30000 - 0x00007ffb63d3c000 	C:\WINDOWS\SYSTEM32\CRYPTBASE.dll
0x00007ffb637c0000 - 0x00007ffb637fb000 	C:\WINDOWS\SYSTEM32\IPHLPAPI.DLL
0x00007ffb66190000 - 0x00007ffb66198000 	C:\WINDOWS\System32\NSI.dll
0x00007ffb59b20000 - 0x00007ffb59b37000 	C:\WINDOWS\SYSTEM32\dhcpcsvc6.DLL
0x00007ffb5a9b0000 - 0x00007ffb5a9cd000 	C:\WINDOWS\SYSTEM32\dhcpcsvc.DLL
0x00007ffb63800000 - 0x00007ffb638cc000 	C:\WINDOWS\SYSTEM32\DNSAPI.dll
0x00007ffb5ad40000 - 0x00007ffb5ad4b000 	C:\WINDOWS\SYSTEM32\WINNSI.DLL

dbghelp: loaded successfully - version: 4.0.5 - missing functions: none
symbol engine: initialized successfully - sym options: 0x614 - pdb path: .;C:\Program Files\Android\Android Studio\jre\bin;C:\WINDOWS\SYSTEM32;C:\WINDOWS\WinSxS\amd64_microsoft.windows.common-controls_6595b64144ccf1df_6.0.19041.1110_none_60b5254171f9507e;C:\Program Files\Android\Android Studio\jre\bin\server;C:\Users\NIMESH\AndroidStudioProjects\RTOGujarati\.gradle\native\fdc75f09e3144964f2cf3f50f0aa648679c211496f362492102eb8c894070792\windows-amd64;C:\Users\NIMESH\AndroidStudioProjects\RTOGujarati\.gradle\native\12488b8bf47d2d4c9fbf2f6322a914ad602e24e48041cd04a747c6da556b65c4\windows-amd64

VM Arguments:
jvm_args: --add-opens=java.base/java.util=ALL-UNNAMED --add-opens=java.base/java.lang=ALL-UNNAMED --add-opens=java.base/java.lang.invoke=ALL-UNNAMED --add-opens=java.prefs/java.util.prefs=ALL-UNNAMED -Xmx2048m -Dfile.encoding=UTF-8 -Duser.country=IN -Duser.language=en -Duser.variant 
java_command: org.gradle.launcher.daemon.bootstrap.GradleDaemon 6.7.1
java_class_path (initial): C:\Users\NIMESH\AndroidStudioProjects\RTOGujarati\.gradle\wrapper\dists\gradle-6.7.1-bin\bwlcbys1h7rz3272sye1xwiv6\gradle-6.7.1\lib\gradle-launcher-6.7.1.jar
Launcher Type: SUN_STANDARD

[Global flags]
     intx CICompilerCount                          = 4                                         {product} {ergonomic}
     uint ConcGCThreads                            = 2                                         {product} {ergonomic}
     uint G1ConcRefinementThreads                  = 8                                         {product} {ergonomic}
   size_t G1HeapRegionSize                         = 1048576                                   {product} {ergonomic}
    uintx GCDrainStackTargetSize                   = 64                                        {product} {ergonomic}
   size_t InitialHeapSize                          = 132120576                                 {product} {ergonomic}
   size_t MarkStackSize                            = 4194304                                   {product} {ergonomic}
   size_t MaxHeapSize                              = 2147483648                                {product} {command line}
   size_t MaxNewSize                               = 1287651328                                {product} {ergonomic}
   size_t MinHeapDeltaBytes                        = 1048576                                   {product} {ergonomic}
    uintx NonNMethodCodeHeapSize                   = 5836300                                {pd product} {ergonomic}
    uintx NonProfiledCodeHeapSize                  = 122910970                              {pd product} {ergonomic}
    uintx ProfiledCodeHeapSize                     = 122910970                              {pd product} {ergonomic}
    uintx ReservedCodeCacheSize                    = 251658240                              {pd product} {ergonomic}
     bool SegmentedCodeCache                       = true                                      {product} {ergonomic}
     bool UseCompressedClassPointers               = true                                 {lp64_product} {ergonomic}
     bool UseCompressedOops                        = true                                 {lp64_product} {ergonomic}
     bool UseG1GC                                  = true                                      {product} {ergonomic}
     bool UseLargePagesIndividualAllocation        = false                                  {pd product} {ergonomic}

Logging:
Log output configuration:
 #0: stdout all=warning uptime,level,tags
 #1: stderr all=off uptime,level,tags

Environment Variables:
PATH=C:\Program Files (x86)\Intel\Intel(R) Management Engine Components\iCLS\;C:\Program Files\Intel\Intel(R) Management Engine Components\iCLS\;C:\Windows\system32;C:\Windows;C:\Windows\System32\Wbem;C:\Windows\System32\WindowsPowerShell\v1.0\;C:\Windows\System32\OpenSSH\;C:\Program Files (x86)\NVIDIA Corporation\PhysX\Common;C:\Program Files\NVIDIA Corporation\NVIDIA NvDLISR;C:\Program Files (x86)\Intel\Intel(R) Management Engine Components\DAL;C:\Program Files\Intel\Intel(R) Management Engine Components\DAL;C:\Program Files (x86)\Intel\Intel(R) Management Engine Components\IPT;C:\Program Files\Intel\Intel(R) Management Engine Components\IPT;C:\Program Files\Intel\WiFi\bin\;C:\Program Files\Common Files\Intel\WirelessCommon\;C:\Program Files\Microsoft SQL Server\130\Tools\Binn\;C:\Program Files\dotnet\;C:\Program Files\Microsoft SQL Server\Client SDK\ODBC\170\Tools\Binn\;C:\WINDOWS\system32;C:\WINDOWS;C:\WINDOWS\System32\Wbem;C:\WINDOWS\System32\WindowsPowerShell\v1.0\;C:\WINDOWS\System32\OpenSSH\;C:\Program Files\Git\cmd;C:\Users\NIMESH\AppData\Local\Programs\Python\Python37\Scripts\;C:\Users\NIMESH\AppData\Local\Programs\Python\Python37\;C:\Program Files\Java\jdk-12\bin;C:\Users\NIMESH\Downloads\python-3.7.7-embed-amd64\python37;C:\Users\NIMESH\Downloads\python-3.7.7-embed-amd64;C:\Users\NIMESH\AppData\Local\Microsoft\WindowsApps;"C:\Program Files\Git\bin\git.exe;C:\Program Files\Git\cmd";"C:\src\flutter\bin;";C:\Users\NIMESH\AppData\Local\GitHubDesktop\bin
USERNAME=NIMESH
OS=Windows_NT
PROCESSOR_IDENTIFIER=Intel64 Family 6 Model 158 Stepping 10, GenuineIntel



---------------  S Y S T E M  ---------------

OS: Windows 10 , 64 bit Build 19041 (10.0.19041.1202)
OS uptime: 0 days 0:10 hours

CPU:total 8 (initial active 8) (4 cores per cpu, 2 threads per core) family 6 model 158 stepping 10, cmov, cx8, fxsr, mmx, sse, sse2, sse3, ssse3, sse4.1, sse4.2, popcnt, avx, avx2, aes, clmul, erms, 3dnowpref, lzcnt, ht, tsc, tscinvbit, bmi1, bmi2, adx, fma

Memory: 4k page, system-wide physical 8043M (1601M free)
TotalPageFile size 8043M (AvailPageFile size 5M)
current process WorkingSet (physical memory assigned to process): 348M, peak: 355M
current process commit charge ("private bytes"): 389M, peak: 396M

vm_info: OpenJDK 64-Bit Server VM (11.0.8+10-b944.6842174) for windows-amd64 JRE (11.0.8+10-b944.6842174), built on Sep 19 2020 01:11:42 by "builder" with MS VC++ 14.0 (VS2015)

END.
